2023-06-16 14:44:37 UTC | 6566 | EVENT: ohmpi_card_3_15	Measure_Voltage_RX	begin	2023-06-16 14:44:37.990933
2023-06-16 14:44:38 UTC | 6566 | EVENT: ohmpi_card_3_15	Measure_Voltage_RX	end	2023-06-16 14:44:38.007451
2023-06-16 14:44:38 UTC | 6566 | WARNING: pulse 0: elapsed time 0.97439 s
2023-06-16 14:44:38 UTC | 6566 | WARNING: pulse 0: total samples 20
2023-06-16 14:44:38 UTC | 6566 | EVENT: OhmPiHardware	Read_Values	begin	2023-06-16 14:44:38.051060
2023-06-16 14:44:38 UTC | 6566 | EVENT: OhmPiHardware	Read_Values	begin	2023-06-16 14:44:38.069426
2023-06-16 14:44:38 UTC | 6566 | EVENT: OhmPiHardware	Inject	begin	2023-06-16 14:44:38.070254
2023-06-16 14:44:38 UTC | 6566 | EVENT: ohmpi_card_3_15	Measure_Voltage_RX	begin	2023-06-16 14:44:38.081334
2023-06-16 14:44:38 UTC | 6566 | WARNING: Voltage cannot be set on pwr_batt...
2023-06-16 14:44:38 UTC | 6566 | EVENT: ohmpi_card_3_15	Measure_Voltage_RX	end	2023-06-16 14:44:38.115054
2023-06-16 14:44:38 UTC | 6566 | INFO: values when starting pulse 1 : 2.56 mA, 27.133640552995388 mV
2023-06-16 14:44:38 UTC | 6566 | EVENT: ohmpi_card_3_15	Measure_Voltage_RX	begin	2023-06-16 14:44:38.127385
2023-06-16 14:44:38 UTC | 6566 | EVENT: ohmpi_card_3_15	Measure_Voltage_RX	end	2023-06-16 14:44:38.142378
2023-06-16 14:44:38 UTC | 6566 | EVENT: ohmpi_card_3_15	Measure_Voltage_RX	begin	2023-06-16 14:44:38.149619
2023-06-16 14:44:38 UTC | 6566 | EVENT: ohmpi_card_3_15	Measure_Voltage_RX	end	2023-06-16 14:44:38.160105
2023-06-16 14:44:38 UTC | 6566 | EVENT: ohmpi_card_3_15	Measure_Voltage_RX	begin	2023-06-16 14:44:38.167294
2023-06-16 14:44:38 UTC | 6566 | EVENT: ohmpi_card_3_15	Measure_Voltage_RX	end	2023-06-16 14:44:38.177789
2023-06-16 14:44:38 UTC | 6566 | EVENT: ohmpi_card_3_15	Measure_Voltage_RX	begin	2023-06-16 14:44:38.184983
2023-06-16 14:44:38 UTC | 6566 | EVENT: ohmpi_card_3_15	Measure_Voltage_RX	end	2023-06-16 14:44:38.195390
2023-06-16 14:44:38 UTC | 6566 | EVENT: ohmpi_card_3_15	Measure_Voltage_RX	begin	2023-06-16 14:44:38.230432
2023-06-16 14:44:38 UTC | 6566 | EVENT: ohmpi_card_3_15	Measure_Voltage_RX	end	2023-06-16 14:44:38.242023
2023-06-16 14:44:38 UTC | 6566 | EVENT: ohmpi_card_3_15	Measure_Voltage_RX	begin	2023-06-16 14:44:38.281602
2023-06-16 14:44:38 UTC | 6566 | EVENT: ohmpi_card_3_15	Measure_Voltage_RX	end	2023-06-16 14:44:38.292001
2023-06-16 14:44:38 UTC | 6566 | EVENT: ohmpi_card_3_15	Measure_Voltage_RX	begin	2023-06-16 14:44:38.330447
2023-06-16 14:44:38 UTC | 6566 | EVENT: ohmpi_card_3_15	Measure_Voltage_RX	end	2023-06-16 14:44:38.340785
2023-06-16 14:44:38 UTC | 6566 | EVENT: ohmpi_card_3_15	Measure_Voltage_RX	begin	2023-06-16 14:44:38.380414
2023-06-16 14:44:38 UTC | 6566 | EVENT: ohmpi_card_3_15	Measure_Voltage_RX	end	2023-06-16 14:44:38.390818
2023-06-16 14:44:38 UTC | 6566 | EVENT: ohmpi_card_3_15	Measure_Voltage_RX	begin	2023-06-16 14:44:38.430524
2023-06-16 14:44:38 UTC | 6566 | EVENT: ohmpi_card_3_15	Measure_Voltage_RX	end	2023-06-16 14:44:38.440934
2023-06-16 14:44:38 UTC | 6566 | EVENT: ohmpi_card_3_15	Measure_Voltage_RX	begin	2023-06-16 14:44:38.480557
2023-06-16 14:44:38 UTC | 6566 | EVENT: ohmpi_card_3_15	Measure_Voltage_RX	end	2023-06-16 14:44:38.490960
2023-06-16 14:44:38 UTC | 6566 | EVENT: ohmpi_card_3_15	Measure_Voltage_RX	begin	2023-06-16 14:44:38.530430
2023-06-16 14:44:38 UTC | 6566 | EVENT: ohmpi_card_3_15	Measure_Voltage_RX	end	2023-06-16 14:44:38.540917
2023-06-16 14:44:38 UTC | 6566 | EVENT: ohmpi_card_3_15	Measure_Voltage_RX	begin	2023-06-16 14:44:38.580503
2023-06-16 14:44:38 UTC | 6566 | EVENT: ohmpi_card_3_15	Measure_Voltage_RX	end	2023-06-16 14:44:38.590958
2023-06-16 14:44:38 UTC | 6566 | EVENT: ohmpi_card_3_15	Measure_Voltage_RX	begin	2023-06-16 14:44:38.630553
2023-06-16 14:44:38 UTC | 6566 | EVENT: ohmpi_card_3_15	Measure_Voltage_RX	end	2023-06-16 14:44:38.640916
2023-06-16 14:44:38 UTC | 6566 | EVENT: ohmpi_card_3_15	Measure_Voltage_RX	begin	2023-06-16 14:44:38.680392
2023-06-16 14:44:38 UTC | 6566 | EVENT: ohmpi_card_3_15	Measure_Voltage_RX	end	2023-06-16 14:44:38.690817
2023-06-16 14:44:38 UTC | 6566 | EVENT: ohmpi_card_3_15	Measure_Voltage_RX	begin	2023-06-16 14:44:38.730435
2023-06-16 14:44:38 UTC | 6566 | EVENT: ohmpi_card_3_15	Measure_Voltage_RX	end	2023-06-16 14:44:38.740802
2023-06-16 14:44:38 UTC | 6566 | EVENT: ohmpi_card_3_15	Measure_Voltage_RX	begin	2023-06-16 14:44:38.780445
2023-06-16 14:44:38 UTC | 6566 | EVENT: ohmpi_card_3_15	Measure_Voltage_RX	end	2023-06-16 14:44:38.790790
2023-06-16 14:44:38 UTC | 6566 | EVENT: ohmpi_card_3_15	Measure_Voltage_RX	begin	2023-06-16 14:44:38.831636
2023-06-16 14:44:38 UTC | 6566 | EVENT: ohmpi_card_3_15	Measure_Voltage_RX	end	2023-06-16 14:44:38.842538
2023-06-16 14:44:38 UTC | 6566 | EVENT: ohmpi_card_3_15	Measure_Voltage_RX	begin	2023-06-16 14:44:38.884860
2023-06-16 14:44:38 UTC | 6566 | EVENT: ohmpi_card_3_15	Measure_Voltage_RX	end	2023-06-16 14:44:38.899321
2023-06-16 14:44:38 UTC | 6566 | EVENT: ohmpi_card_3_15	Measure_Voltage_RX	begin	2023-06-16 14:44:38.939366
2023-06-16 14:44:38 UTC | 6566 | EVENT: ohmpi_card_3_15	Measure_Voltage_RX	end	2023-06-16 14:44:38.952735
2023-06-16 14:44:38 UTC | 6566 | EVENT: ohmpi_card_3_15	Measure_Voltage_RX	begin	2023-06-16 14:44:38.987360
2023-06-16 14:44:39 UTC | 6566 | EVENT: ohmpi_card_3_15	Measure_Voltage_RX	end	2023-06-16 14:44:39.000499
2023-06-16 14:44:39 UTC | 6566 | EVENT: ohmpi_card_3_15	Measure_Voltage_RX	begin	2023-06-16 14:44:39.036707
2023-06-16 14:44:39 UTC | 6566 | EVENT: ohmpi_card_3_15	Measure_Voltage_RX	end	2023-06-16 14:44:39.049775
2023-06-16 14:44:39 UTC | 6566 | EVENT: ohmpi_card_3_15	Measure_Voltage_RX	begin	2023-06-16 14:44:39.086615
2023-06-16 14:44:39 UTC | 6566 | EVENT: ohmpi_card_3_15	Measure_Voltage_RX	end	2023-06-16 14:44:39.099744
2023-06-16 14:44:39 UTC | 6566 | EVENT: OhmPiHardware	Inject	end	2023-06-16 14:44:39.126507
2023-06-16 14:44:39 UTC | 6566 | WARNING: pulse 1: elapsed time 2.072974 s
2023-06-16 14:44:39 UTC | 6566 | WARNING: pulse 1: total samples 41
2023-06-16 14:44:39 UTC | 6566 | EVENT: OhmPiHardware	Read_Values	begin	2023-06-16 14:44:39.145769
2023-06-16 14:44:39 UTC | 6566 | EVENT: OhmPiHardware	Read_Values	begin	2023-06-16 14:44:39.163999
2023-06-16 14:44:39 UTC | 6566 | EVENT: OhmPiHardware	Inject	begin	2023-06-16 14:44:39.165102
2023-06-16 14:44:39 UTC | 6566 | EVENT: ohmpi_card_3_15	Measure_Voltage_RX	begin	2023-06-16 14:44:39.175937
2023-06-16 14:44:39 UTC | 6566 | WARNING: Voltage cannot be set on pwr_batt...
2023-06-16 14:44:39 UTC | 6566 | EVENT: ohmpi_card_3_15	Measure_Voltage_RX	end	2023-06-16 14:44:39.201419
2023-06-16 14:44:39 UTC | 6566 | INFO: values when starting pulse 2 : 0.10133121738334298 mA, 1.6328623310037536 mV
2023-06-16 14:44:39 UTC | 6566 | EVENT: ohmpi_card_3_15	Measure_Voltage_RX	begin	2023-06-16 14:44:39.213814
2023-06-16 14:44:39 UTC | 6566 | EVENT: ohmpi_card_3_15	Measure_Voltage_RX	end	2023-06-16 14:44:39.226885
2023-06-16 14:44:39 UTC | 6566 | EVENT: ohmpi_card_3_15	Measure_Voltage_RX	begin	2023-06-16 14:44:39.236447
2023-06-16 14:44:39 UTC | 6566 | EVENT: ohmpi_card_3_15	Measure_Voltage_RX	end	2023-06-16 14:44:39.249038
2023-06-16 14:44:39 UTC | 6566 | EVENT: ohmpi_card_3_15	Measure_Voltage_RX	begin	2023-06-16 14:44:39.257964
2023-06-16 14:44:39 UTC | 6566 | EVENT: ohmpi_card_3_15	Measure_Voltage_RX	end	2023-06-16 14:44:39.269918
2023-06-16 14:44:39 UTC | 6566 | EVENT: ohmpi_card_3_15	Measure_Voltage_RX	begin	2023-06-16 14:44:39.284470
2023-06-16 14:44:39 UTC | 6566 | EVENT: ohmpi_card_3_15	Measure_Voltage_RX	end	2023-06-16 14:44:39.296409
2023-06-16 14:44:39 UTC | 6566 | EVENT: ohmpi_card_3_15	Measure_Voltage_RX	begin	2023-06-16 14:44:39.334188
2023-06-16 14:44:39 UTC | 6566 | EVENT: ohmpi_card_3_15	Measure_Voltage_RX	end	2023-06-16 14:44:39.346190
2023-06-16 14:44:39 UTC | 6566 | EVENT: ohmpi_card_3_15	Measure_Voltage_RX	begin	2023-06-16 14:44:39.384241
2023-06-16 14:44:39 UTC | 6566 | EVENT: ohmpi_card_3_15	Measure_Voltage_RX	end	2023-06-16 14:44:39.396153
2023-06-16 14:44:39 UTC | 6566 | EVENT: ohmpi_card_3_15	Measure_Voltage_RX	begin	2023-06-16 14:44:39.434196
2023-06-16 14:44:39 UTC | 6566 | EVENT: ohmpi_card_3_15	Measure_Voltage_RX	end	2023-06-16 14:44:39.446524
2023-06-16 14:44:39 UTC | 6566 | EVENT: ohmpi_card_3_15	Measure_Voltage_RX	begin	2023-06-16 14:44:39.485346
2023-06-16 14:44:39 UTC | 6566 | EVENT: ohmpi_card_3_15	Measure_Voltage_RX	end	2023-06-16 14:44:39.498461
2023-06-16 14:44:39 UTC | 6566 | EVENT: ohmpi_card_3_15	Measure_Voltage_RX	begin	2023-06-16 14:44:39.536551
2023-06-16 14:44:39 UTC | 6566 | EVENT: ohmpi_card_3_15	Measure_Voltage_RX	end	2023-06-16 14:44:39.549629
2023-06-16 14:44:39 UTC | 6566 | EVENT: ohmpi_card_3_15	Measure_Voltage_RX	begin	2023-06-16 14:44:39.586513
2023-06-16 14:44:39 UTC | 6566 | EVENT: ohmpi_card_3_15	Measure_Voltage_RX	end	2023-06-16 14:44:39.599548
2023-06-16 14:44:39 UTC | 6566 | EVENT: ohmpi_card_3_15	Measure_Voltage_RX	begin	2023-06-16 14:44:39.636641
2023-06-16 14:44:39 UTC | 6566 | EVENT: ohmpi_card_3_15	Measure_Voltage_RX	end	2023-06-16 14:44:39.649639
2023-06-16 14:44:39 UTC | 6566 | EVENT: ohmpi_card_3_15	Measure_Voltage_RX	begin	2023-06-16 14:44:39.686570
2023-06-16 14:44:39 UTC | 6566 | EVENT: ohmpi_card_3_15	Measure_Voltage_RX	end	2023-06-16 14:44:39.699624
2023-06-16 14:44:39 UTC | 6566 | EVENT: ohmpi_card_3_15	Measure_Voltage_RX	begin	2023-06-16 14:44:39.736575
2023-06-16 14:44:39 UTC | 6566 | EVENT: ohmpi_card_3_15	Measure_Voltage_RX	end	2023-06-16 14:44:39.750513
2023-06-16 14:44:39 UTC | 6566 | EVENT: ohmpi_card_3_15	Measure_Voltage_RX	begin	2023-06-16 14:44:39.787408
2023-06-16 14:44:39 UTC | 6566 | EVENT: ohmpi_card_3_15	Measure_Voltage_RX	end	2023-06-16 14:44:39.800407
2023-06-16 14:44:39 UTC | 6566 | EVENT: ohmpi_card_3_15	Measure_Voltage_RX	begin	2023-06-16 14:44:39.836497
2023-06-16 14:44:39 UTC | 6566 | EVENT: ohmpi_card_3_15	Measure_Voltage_RX	end	2023-06-16 14:44:39.849582
2023-06-16 14:44:39 UTC | 6566 | EVENT: ohmpi_card_3_15	Measure_Voltage_RX	begin	2023-06-16 14:44:39.886572
2023-06-16 14:44:39 UTC | 6566 | EVENT: ohmpi_card_3_15	Measure_Voltage_RX	end	2023-06-16 14:44:39.899542
2023-06-16 14:44:39 UTC | 6566 | EVENT: ohmpi_card_3_15	Measure_Voltage_RX	begin	2023-06-16 14:44:39.936404
2023-06-16 14:44:39 UTC | 6566 | EVENT: ohmpi_card_3_15	Measure_Voltage_RX	end	2023-06-16 14:44:39.949532
2023-06-16 14:44:39 UTC | 6566 | EVENT: ohmpi_card_3_15	Measure_Voltage_RX	begin	2023-06-16 14:44:39.987666
2023-06-16 14:44:40 UTC | 6566 | EVENT: ohmpi_card_3_15	Measure_Voltage_RX	end	2023-06-16 14:44:40.000878
2023-06-16 14:44:40 UTC | 6566 | EVENT: ohmpi_card_3_15	Measure_Voltage_RX	begin	2023-06-16 14:44:40.036851
2023-06-16 14:44:40 UTC | 6566 | EVENT: ohmpi_card_3_15	Measure_Voltage_RX	end	2023-06-16 14:44:40.050210
2023-06-16 14:44:40 UTC | 6566 | EVENT: ohmpi_card_3_15	Measure_Voltage_RX	begin	2023-06-16 14:44:40.087128
2023-06-16 14:44:40 UTC | 6566 | EVENT: ohmpi_card_3_15	Measure_Voltage_RX	end	2023-06-16 14:44:40.100357
2023-06-16 14:44:40 UTC | 6566 | EVENT: ohmpi_card_3_15	Measure_Voltage_RX	begin	2023-06-16 14:44:40.136908
2023-06-16 14:44:40 UTC | 6566 | EVENT: ohmpi_card_3_15	Measure_Voltage_RX	end	2023-06-16 14:44:40.150144
2023-06-16 14:44:40 UTC | 6566 | EVENT: ohmpi_card_3_15	Measure_Voltage_RX	begin	2023-06-16 14:44:40.187022
2023-06-16 14:44:40 UTC | 6566 | EVENT: ohmpi_card_3_15	Measure_Voltage_RX	end	2023-06-16 14:44:40.200427
2023-06-16 14:44:40 UTC | 6566 | EVENT: OhmPiHardware	Inject	end	2023-06-16 14:44:40.213676
2023-06-16 14:44:40 UTC | 6566 | WARNING: pulse 2: elapsed time 3.173402 s
2023-06-16 14:44:40 UTC | 6566 | WARNING: pulse 2: total samples 62
2023-06-16 14:44:40 UTC | 6566 | EVENT: OhmPiHardware	Read_Values	begin	2023-06-16 14:44:40.245320
2023-06-16 14:44:40 UTC | 6566 | EVENT: OhmPiHardware	Read_Values	begin	2023-06-16 14:44:40.262980
2023-06-16 14:44:40 UTC | 6566 | EVENT: OhmPiHardware	Inject	begin	2023-06-16 14:44:40.263929
2023-06-16 14:44:40 UTC | 6566 | EVENT: ohmpi_card_3_15	Measure_Voltage_RX	begin	2023-06-16 14:44:40.274595
2023-06-16 14:44:40 UTC | 6566 | WARNING: Voltage cannot be set on pwr_batt...
2023-06-16 14:44:40 UTC | 6566 | EVENT: ohmpi_card_3_15	Measure_Voltage_RX	end	2023-06-16 14:44:40.304644
2023-06-16 14:44:40 UTC | 6566 | INFO: values when starting pulse 3 : 2.56 mA, 26.95394756920072 mV
2023-06-16 14:44:40 UTC | 6566 | EVENT: ohmpi_card_3_15	Measure_Voltage_RX	begin	2023-06-16 14:44:40.316038
2023-06-16 14:44:40 UTC | 6566 | EVENT: ohmpi_card_3_15	Measure_Voltage_RX	end	2023-06-16 14:44:40.327845
2023-06-16 14:44:40 UTC | 6566 | EVENT: ohmpi_card_3_15	Measure_Voltage_RX	begin	2023-06-16 14:44:40.336430
2023-06-16 14:44:40 UTC | 6566 | EVENT: ohmpi_card_3_15	Measure_Voltage_RX	end	2023-06-16 14:44:40.348429
2023-06-16 14:44:40 UTC | 6566 | EVENT: ohmpi_card_3_15	Measure_Voltage_RX	begin	2023-06-16 14:44:40.357092
2023-06-16 14:44:40 UTC | 6566 | EVENT: ohmpi_card_3_15	Measure_Voltage_RX	end	2023-06-16 14:44:40.369025
2023-06-16 14:44:40 UTC | 6566 | EVENT: ohmpi_card_3_15	Measure_Voltage_RX	begin	2023-06-16 14:44:40.384214
2023-06-16 14:44:40 UTC | 6566 | EVENT: ohmpi_card_3_15	Measure_Voltage_RX	end	2023-06-16 14:44:40.396105
2023-06-16 14:44:40 UTC | 6566 | EVENT: ohmpi_card_3_15	Measure_Voltage_RX	begin	2023-06-16 14:44:40.434180
2023-06-16 14:44:40 UTC | 6566 | EVENT: ohmpi_card_3_15	Measure_Voltage_RX	end	2023-06-16 14:44:40.446183
2023-06-16 14:44:40 UTC | 6566 | EVENT: ohmpi_card_3_15	Measure_Voltage_RX	begin	2023-06-16 14:44:40.484276
2023-06-16 14:44:40 UTC | 6566 | EVENT: ohmpi_card_3_15	Measure_Voltage_RX	end	2023-06-16 14:44:40.496196
2023-06-16 14:44:40 UTC | 6566 | EVENT: ohmpi_card_3_15	Measure_Voltage_RX	begin	2023-06-16 14:44:40.534085
2023-06-16 14:44:40 UTC | 6566 | EVENT: ohmpi_card_3_15	Measure_Voltage_RX	end	2023-06-16 14:44:40.546064
2023-06-16 14:44:40 UTC | 6566 | EVENT: ohmpi_card_3_15	Measure_Voltage_RX	begin	2023-06-16 14:44:40.584840
2023-06-16 14:44:40 UTC | 6566 | EVENT: ohmpi_card_3_15	Measure_Voltage_RX	end	2023-06-16 14:44:40.597848
2023-06-16 14:44:40 UTC | 6566 | EVENT: ohmpi_card_3_15	Measure_Voltage_RX	begin	2023-06-16 14:44:40.636424
2023-06-16 14:44:40 UTC | 6566 | EVENT: ohmpi_card_3_15	Measure_Voltage_RX	end	2023-06-16 14:44:40.649606
2023-06-16 14:44:40 UTC | 6566 | EVENT: ohmpi_card_3_15	Measure_Voltage_RX	begin	2023-06-16 14:44:40.710311
2023-06-16 14:44:40 UTC | 6566 | EVENT: ohmpi_card_3_15	Measure_Voltage_RX	end	2023-06-16 14:44:40.723874
2023-06-16 14:44:40 UTC | 6566 | EVENT: ohmpi_card_3_15	Measure_Voltage_RX	begin	2023-06-16 14:44:40.736744
2023-06-16 14:44:40 UTC | 6566 | EVENT: ohmpi_card_3_15	Measure_Voltage_RX	end	2023-06-16 14:44:40.750425
2023-06-16 14:44:40 UTC | 6566 | EVENT: ohmpi_card_3_15	Measure_Voltage_RX	begin	2023-06-16 14:44:40.787419
2023-06-16 14:44:40 UTC | 6566 | EVENT: ohmpi_card_3_15	Measure_Voltage_RX	end	2023-06-16 14:44:40.800589
2023-06-16 14:44:40 UTC | 6566 | EVENT: ohmpi_card_3_15	Measure_Voltage_RX	begin	2023-06-16 14:44:40.837115
2023-06-16 14:44:40 UTC | 6566 | EVENT: ohmpi_card_3_15	Measure_Voltage_RX	end	2023-06-16 14:44:40.850361
2023-06-16 14:44:40 UTC | 6566 | EVENT: ohmpi_card_3_15	Measure_Voltage_RX	begin	2023-06-16 14:44:40.887078
2023-06-16 14:44:40 UTC | 6566 | EVENT: ohmpi_card_3_15	Measure_Voltage_RX	end	2023-06-16 14:44:40.900573
2023-06-16 14:44:40 UTC | 6566 | EVENT: ohmpi_card_3_15	Measure_Voltage_RX	begin	2023-06-16 14:44:40.937172
2023-06-16 14:44:40 UTC | 6566 | EVENT: ohmpi_card_3_15	Measure_Voltage_RX	end	2023-06-16 14:44:40.950389
2023-06-16 14:44:40 UTC | 6566 | EVENT: ohmpi_card_3_15	Measure_Voltage_RX	begin	2023-06-16 14:44:40.986911
2023-06-16 14:44:41 UTC | 6566 | EVENT: ohmpi_card_3_15	Measure_Voltage_RX	end	2023-06-16 14:44:41.000319
2023-06-16 14:44:41 UTC | 6566 | EVENT: ohmpi_card_3_15	Measure_Voltage_RX	begin	2023-06-16 14:44:41.036985
2023-06-16 14:44:41 UTC | 6566 | EVENT: ohmpi_card_3_15	Measure_Voltage_RX	end	2023-06-16 14:44:41.050268
2023-06-16 14:44:41 UTC | 6566 | EVENT: ohmpi_card_3_15	Measure_Voltage_RX	begin	2023-06-16 14:44:41.086866
2023-06-16 14:44:41 UTC | 6566 | EVENT: ohmpi_card_3_15	Measure_Voltage_RX	end	2023-06-16 14:44:41.100141
2023-06-16 14:44:41 UTC | 6566 | EVENT: ohmpi_card_3_15	Measure_Voltage_RX	begin	2023-06-16 14:44:41.137501
2023-06-16 14:44:41 UTC | 6566 | EVENT: ohmpi_card_3_15	Measure_Voltage_RX	end	2023-06-16 14:44:41.150816
2023-06-16 14:44:41 UTC | 6566 | EVENT: ohmpi_card_3_15	Measure_Voltage_RX	begin	2023-06-16 14:44:41.193412
2023-06-16 14:44:41 UTC | 6566 | EVENT: ohmpi_card_3_15	Measure_Voltage_RX	end	2023-06-16 14:44:41.206815
2023-06-16 14:44:41 UTC | 6566 | EVENT: ohmpi_card_3_15	Measure_Voltage_RX	begin	2023-06-16 14:44:41.236888
2023-06-16 14:44:41 UTC | 6566 | EVENT: ohmpi_card_3_15	Measure_Voltage_RX	end	2023-06-16 14:44:41.249999
2023-06-16 14:44:41 UTC | 6566 | EVENT: ohmpi_card_3_15	Measure_Voltage_RX	begin	2023-06-16 14:44:41.286808
2023-06-16 14:44:41 UTC | 6566 | EVENT: ohmpi_card_3_15	Measure_Voltage_RX	end	2023-06-16 14:44:41.299936
2023-06-16 14:44:41 UTC | 6566 | EVENT: OhmPiHardware	Inject	end	2023-06-16 14:44:41.316012
2023-06-16 14:44:41 UTC | 6566 | WARNING: pulse 3: elapsed time 4.273173 s
2023-06-16 14:44:41 UTC | 6566 | WARNING: pulse 3: total samples 83
2023-06-16 14:44:41 UTC | 6566 | EVENT: OhmPiHardware	Read_Values	begin	2023-06-16 14:44:41.344779
2023-06-16 14:44:41 UTC | 6566 | EVENT: OhmPiHardware	Read_Values	begin	2023-06-16 14:44:41.363197
2023-06-16 14:44:41 UTC | 6566 | EVENT: OhmPiHardware	Inject	begin	2023-06-16 14:44:41.364229
2023-06-16 14:44:41 UTC | 6566 | EVENT: ohmpi_card_3_15	Measure_Voltage_RX	begin	2023-06-16 14:44:41.374223
2023-06-16 14:44:41 UTC | 6566 | WARNING: Voltage cannot be set on pwr_batt...
2023-06-16 14:44:41 UTC | 6566 | EVENT: ohmpi_card_3_15	Measure_Voltage_RX	end	2023-06-16 14:44:41.406685
2023-06-16 14:44:41 UTC | 6566 | INFO: values when starting pulse 4 : 0.10242500076296272 mA, 1.3516037476729637 mV
2023-06-16 14:44:41 UTC | 6566 | EVENT: ohmpi_card_3_15	Measure_Voltage_RX	begin	2023-06-16 14:44:41.418553
2023-06-16 14:44:41 UTC | 6566 | EVENT: ohmpi_card_3_15	Measure_Voltage_RX	end	2023-06-16 14:44:41.431567
2023-06-16 14:44:41 UTC | 6566 | EVENT: ohmpi_card_3_15	Measure_Voltage_RX	begin	2023-06-16 14:44:41.441487
2023-06-16 14:44:41 UTC | 6566 | EVENT: ohmpi_card_3_15	Measure_Voltage_RX	end	2023-06-16 14:44:41.454145
2023-06-16 14:44:41 UTC | 6566 | EVENT: ohmpi_card_3_15	Measure_Voltage_RX	begin	2023-06-16 14:44:41.461228
2023-06-16 14:44:41 UTC | 6566 | EVENT: ohmpi_card_3_15	Measure_Voltage_RX	end	2023-06-16 14:44:41.471488
2023-06-16 14:44:41 UTC | 6566 | EVENT: ohmpi_card_3_15	Measure_Voltage_RX	begin	2023-06-16 14:44:41.480270
2023-06-16 14:44:41 UTC | 6566 | EVENT: ohmpi_card_3_15	Measure_Voltage_RX	end	2023-06-16 14:44:41.490475
2023-06-16 14:44:41 UTC | 6566 | EVENT: ohmpi_card_3_15	Measure_Voltage_RX	begin	2023-06-16 14:44:41.530250
2023-06-16 14:44:41 UTC | 6566 | EVENT: ohmpi_card_3_15	Measure_Voltage_RX	end	2023-06-16 14:44:41.540495
2023-06-16 14:44:41 UTC | 6566 | EVENT: ohmpi_card_3_15	Measure_Voltage_RX	begin	2023-06-16 14:44:41.580272
2023-06-16 14:44:41 UTC | 6566 | EVENT: ohmpi_card_3_15	Measure_Voltage_RX	end	2023-06-16 14:44:41.591955
2023-06-16 14:44:41 UTC | 6566 | EVENT: ohmpi_card_3_15	Measure_Voltage_RX	begin	2023-06-16 14:44:41.631738
2023-06-16 14:44:41 UTC | 6566 | EVENT: ohmpi_card_3_15	Measure_Voltage_RX	end	2023-06-16 14:44:41.642102
2023-06-16 14:44:41 UTC | 6566 | EVENT: ohmpi_card_3_15	Measure_Voltage_RX	begin	2023-06-16 14:44:41.680407
2023-06-16 14:44:41 UTC | 6566 | EVENT: ohmpi_card_3_15	Measure_Voltage_RX	end	2023-06-16 14:44:41.690756
2023-06-16 14:44:41 UTC | 6566 | EVENT: ohmpi_card_3_15	Measure_Voltage_RX	begin	2023-06-16 14:44:41.730371
2023-06-16 14:44:41 UTC | 6566 | EVENT: ohmpi_card_3_15	Measure_Voltage_RX	end	2023-06-16 14:44:41.740683
2023-06-16 14:44:41 UTC | 6566 | EVENT: ohmpi_card_3_15	Measure_Voltage_RX	begin	2023-06-16 14:44:41.780231
2023-06-16 14:44:41 UTC | 6566 | EVENT: ohmpi_card_3_15	Measure_Voltage_RX	end	2023-06-16 14:44:41.790450
2023-06-16 14:44:41 UTC | 6566 | EVENT: ohmpi_card_3_15	Measure_Voltage_RX	begin	2023-06-16 14:44:41.830175
2023-06-16 14:44:41 UTC | 6566 | EVENT: ohmpi_card_3_15	Measure_Voltage_RX	end	2023-06-16 14:44:41.840382
2023-06-16 14:44:41 UTC | 6566 | EVENT: ohmpi_card_3_15	Measure_Voltage_RX	begin	2023-06-16 14:44:41.880170
2023-06-16 14:44:41 UTC | 6566 | EVENT: ohmpi_card_3_15	Measure_Voltage_RX	end	2023-06-16 14:44:41.890376
2023-06-16 14:44:41 UTC | 6566 | EVENT: ohmpi_card_3_15	Measure_Voltage_RX	begin	2023-06-16 14:44:41.930134
2023-06-16 14:44:41 UTC | 6566 | EVENT: ohmpi_card_3_15	Measure_Voltage_RX	end	2023-06-16 14:44:41.940377
2023-06-16 14:44:41 UTC | 6566 | EVENT: ohmpi_card_3_15	Measure_Voltage_RX	begin	2023-06-16 14:44:41.980154
2023-06-16 14:44:41 UTC | 6566 | EVENT: ohmpi_card_3_15	Measure_Voltage_RX	end	2023-06-16 14:44:41.990454
2023-06-16 14:44:42 UTC | 6566 | EVENT: ohmpi_card_3_15	Measure_Voltage_RX	begin	2023-06-16 14:44:42.030311
2023-06-16 14:44:42 UTC | 6566 | EVENT: ohmpi_card_3_15	Measure_Voltage_RX	end	2023-06-16 14:44:42.040611
2023-06-16 14:44:42 UTC | 6566 | EVENT: ohmpi_card_3_15	Measure_Voltage_RX	begin	2023-06-16 14:44:42.080272
2023-06-16 14:44:42 UTC | 6566 | EVENT: ohmpi_card_3_15	Measure_Voltage_RX	end	2023-06-16 14:44:42.090482
2023-06-16 14:44:42 UTC | 6566 | EVENT: ohmpi_card_3_15	Measure_Voltage_RX	begin	2023-06-16 14:44:42.130145
2023-06-16 14:44:42 UTC | 6566 | EVENT: ohmpi_card_3_15	Measure_Voltage_RX	end	2023-06-16 14:44:42.140368
2023-06-16 14:44:42 UTC | 6566 | EVENT: ohmpi_card_3_15	Measure_Voltage_RX	begin	2023-06-16 14:44:42.181557
2023-06-16 14:44:42 UTC | 6566 | EVENT: ohmpi_card_3_15	Measure_Voltage_RX	end	2023-06-16 14:44:42.195916
2023-06-16 14:44:42 UTC | 6566 | EVENT: ohmpi_card_3_15	Measure_Voltage_RX	begin	2023-06-16 14:44:42.239107
2023-06-16 14:44:42 UTC | 6566 | EVENT: ohmpi_card_3_15	Measure_Voltage_RX	end	2023-06-16 14:44:42.253411
2023-06-16 14:44:42 UTC | 6566 | EVENT: ohmpi_card_3_15	Measure_Voltage_RX	begin	2023-06-16 14:44:42.288723
2023-06-16 14:44:42 UTC | 6566 | EVENT: ohmpi_card_3_15	Measure_Voltage_RX	end	2023-06-16 14:44:42.301717
2023-06-16 14:44:42 UTC | 6566 | EVENT: ohmpi_card_3_15	Measure_Voltage_RX	begin	2023-06-16 14:44:42.336258
2023-06-16 14:44:42 UTC | 6566 | EVENT: ohmpi_card_3_15	Measure_Voltage_RX	end	2023-06-16 14:44:42.349220
2023-06-16 14:44:42 UTC | 6566 | EVENT: ohmpi_card_3_15	Measure_Voltage_RX	begin	2023-06-16 14:44:42.386315
2023-06-16 14:44:42 UTC | 6566 | EVENT: ohmpi_card_3_15	Measure_Voltage_RX	end	2023-06-16 14:44:42.399383
2023-06-16 14:44:42 UTC | 6566 | EVENT: OhmPiHardware	Inject	end	2023-06-16 14:44:42.418268
2023-06-16 14:44:42 UTC | 6566 | WARNING: pulse 4: elapsed time 5.372663 s
2023-06-16 14:44:42 UTC | 6566 | WARNING: pulse 4: total samples 104
2023-06-16 14:44:42 UTC | 6566 | EVENT: OhmPiHardware	Read_Values	begin	2023-06-16 14:44:42.448360
2023-06-16 14:44:42 UTC | 6566 | EVENT: OhmPiHardware	Read_Values	begin	2023-06-16 14:44:42.466896
2023-06-16 14:44:42 UTC | 6566 | EVENT: OhmPiHardware	Inject	begin	2023-06-16 14:44:42.468129
2023-06-16 14:44:42 UTC | 6566 | EVENT: ohmpi_card_3_15	Measure_Voltage_RX	begin	2023-06-16 14:44:42.477605
2023-06-16 14:44:42 UTC | 6566 | WARNING: Voltage cannot be set on pwr_batt...
2023-06-16 14:44:42 UTC | 6566 | EVENT: ohmpi_card_3_15	Measure_Voltage_RX	end	2023-06-16 14:44:42.511387
2023-06-16 14:44:42 UTC | 6566 | INFO: values when starting pulse 5 : 2.56 mA, 27.235206152531514 mV
2023-06-16 14:44:42 UTC | 6566 | EVENT: ohmpi_card_3_15	Measure_Voltage_RX	begin	2023-06-16 14:44:42.526929
2023-06-16 14:44:42 UTC | 6566 | EVENT: ohmpi_card_3_15	Measure_Voltage_RX	end	2023-06-16 14:44:42.541112
2023-06-16 14:44:42 UTC | 6566 | EVENT: ohmpi_card_3_15	Measure_Voltage_RX	begin	2023-06-16 14:44:42.552169
2023-06-16 14:44:42 UTC | 6566 | EVENT: ohmpi_card_3_15	Measure_Voltage_RX	end	2023-06-16 14:44:42.566925
2023-06-16 14:44:42 UTC | 6566 | EVENT: ohmpi_card_3_15	Measure_Voltage_RX	begin	2023-06-16 14:44:42.576067
2023-06-16 14:44:42 UTC | 6566 | EVENT: ohmpi_card_3_15	Measure_Voltage_RX	end	2023-06-16 14:44:42.587532
2023-06-16 14:44:42 UTC | 6566 | EVENT: ohmpi_card_3_15	Measure_Voltage_RX	begin	2023-06-16 14:44:42.595713
2023-06-16 14:44:42 UTC | 6566 | EVENT: ohmpi_card_3_15	Measure_Voltage_RX	end	2023-06-16 14:44:42.607074
2023-06-16 14:44:42 UTC | 6566 | EVENT: ohmpi_card_3_15	Measure_Voltage_RX	begin	2023-06-16 14:44:42.632374
2023-06-16 14:44:42 UTC | 6566 | EVENT: ohmpi_card_3_15	Measure_Voltage_RX	end	2023-06-16 14:44:42.643838
2023-06-16 14:44:42 UTC | 6566 | EVENT: ohmpi_card_3_15	Measure_Voltage_RX	begin	2023-06-16 14:44:42.681581
2023-06-16 14:44:42 UTC | 6566 | EVENT: ohmpi_card_3_15	Measure_Voltage_RX	end	2023-06-16 14:44:42.692039
2023-06-16 14:44:42 UTC | 6566 | EVENT: ohmpi_card_3_15	Measure_Voltage_RX	begin	2023-06-16 14:44:42.730630
2023-06-16 14:44:42 UTC | 6566 | EVENT: ohmpi_card_3_15	Measure_Voltage_RX	end	2023-06-16 14:44:42.741103
2023-06-16 14:44:42 UTC | 6566 | EVENT: ohmpi_card_3_15	Measure_Voltage_RX	begin	2023-06-16 14:44:42.780558
2023-06-16 14:44:42 UTC | 6566 | EVENT: ohmpi_card_3_15	Measure_Voltage_RX	end	2023-06-16 14:44:42.791038
2023-06-16 14:44:42 UTC | 6566 | EVENT: ohmpi_card_3_15	Measure_Voltage_RX	begin	2023-06-16 14:44:42.830689
2023-06-16 14:44:42 UTC | 6566 | EVENT: ohmpi_card_3_15	Measure_Voltage_RX	end	2023-06-16 14:44:42.841193
2023-06-16 14:44:42 UTC | 6566 | EVENT: ohmpi_card_3_15	Measure_Voltage_RX	begin	2023-06-16 14:44:42.880733
2023-06-16 14:44:42 UTC | 6566 | EVENT: ohmpi_card_3_15	Measure_Voltage_RX	end	2023-06-16 14:44:42.891224
2023-06-16 14:44:42 UTC | 6566 | EVENT: ohmpi_card_3_15	Measure_Voltage_RX	begin	2023-06-16 14:44:42.930599
2023-06-16 14:44:42 UTC | 6566 | EVENT: ohmpi_card_3_15	Measure_Voltage_RX	end	2023-06-16 14:44:42.941127
2023-06-16 14:44:42 UTC | 6566 | EVENT: ohmpi_card_3_15	Measure_Voltage_RX	begin	2023-06-16 14:44:42.980615
2023-06-16 14:44:42 UTC | 6566 | EVENT: ohmpi_card_3_15	Measure_Voltage_RX	end	2023-06-16 14:44:42.991160
2023-06-16 14:44:43 UTC | 6566 | EVENT: ohmpi_card_3_15	Measure_Voltage_RX	begin	2023-06-16 14:44:43.031349
2023-06-16 14:44:43 UTC | 6566 | EVENT: ohmpi_card_3_15	Measure_Voltage_RX	end	2023-06-16 14:44:43.041826
2023-06-16 14:44:43 UTC | 6566 | EVENT: ohmpi_card_3_15	Measure_Voltage_RX	begin	2023-06-16 14:44:43.080601
2023-06-16 14:44:43 UTC | 6566 | EVENT: ohmpi_card_3_15	Measure_Voltage_RX	end	2023-06-16 14:44:43.091154
2023-06-16 14:44:43 UTC | 6566 | EVENT: ohmpi_card_3_15	Measure_Voltage_RX	begin	2023-06-16 14:44:43.131109
2023-06-16 14:44:43 UTC | 6566 | EVENT: ohmpi_card_3_15	Measure_Voltage_RX	end	2023-06-16 14:44:43.141606
2023-06-16 14:44:43 UTC | 6566 | EVENT: ohmpi_card_3_15	Measure_Voltage_RX	begin	2023-06-16 14:44:43.180749
2023-06-16 14:44:43 UTC | 6566 | EVENT: ohmpi_card_3_15	Measure_Voltage_RX	end	2023-06-16 14:44:43.191197
2023-06-16 14:44:43 UTC | 6566 | EVENT: ohmpi_card_3_15	Measure_Voltage_RX	begin	2023-06-16 14:44:43.230732
2023-06-16 14:44:43 UTC | 6566 | EVENT: ohmpi_card_3_15	Measure_Voltage_RX	end	2023-06-16 14:44:43.241243
2023-06-16 14:44:43 UTC | 6566 | EVENT: ohmpi_card_3_15	Measure_Voltage_RX	begin	2023-06-16 14:44:43.281738
2023-06-16 14:44:43 UTC | 6566 | EVENT: ohmpi_card_3_15	Measure_Voltage_RX	end	2023-06-16 14:44:43.295118
2023-06-16 14:44:43 UTC | 6566 | EVENT: ohmpi_card_3_15	Measure_Voltage_RX	begin	2023-06-16 14:44:43.337094
2023-06-16 14:44:43 UTC | 6566 | EVENT: ohmpi_card_3_15	Measure_Voltage_RX	end	2023-06-16 14:44:43.351185
2023-06-16 14:44:43 UTC | 6566 | EVENT: ohmpi_card_3_15	Measure_Voltage_RX	begin	2023-06-16 14:44:43.387838
2023-06-16 14:44:43 UTC | 6566 | EVENT: ohmpi_card_3_15	Measure_Voltage_RX	end	2023-06-16 14:44:43.401166
2023-06-16 14:44:43 UTC | 6566 | EVENT: ohmpi_card_3_15	Measure_Voltage_RX	begin	2023-06-16 14:44:43.437005
2023-06-16 14:44:43 UTC | 6566 | EVENT: ohmpi_card_3_15	Measure_Voltage_RX	end	2023-06-16 14:44:43.450317
2023-06-16 14:44:43 UTC | 6566 | EVENT: ohmpi_card_3_15	Measure_Voltage_RX	begin	2023-06-16 14:44:43.486935
2023-06-16 14:44:43 UTC | 6566 | EVENT: ohmpi_card_3_15	Measure_Voltage_RX	end	2023-06-16 14:44:43.500347
2023-06-16 14:44:43 UTC | 6566 | EVENT: OhmPiHardware	Inject	end	2023-06-16 14:44:43.522833
2023-06-16 14:44:43 UTC | 6566 | WARNING: pulse 5: elapsed time 6.473323 s
2023-06-16 14:44:43 UTC | 6566 | WARNING: pulse 5: total samples 125
2023-06-16 14:44:43 UTC | 6566 | EVENT: OhmPiHardware	Read_Values	begin	2023-06-16 14:44:43.545491
2023-06-16 14:44:43 UTC | 6566 | EVENT: OhmPiHardware	Vab_Square_Wave	end	2023-06-16 14:44:43.555372
