2023-04-15 07:14:57 UTC | 454119 | INFO: 
2023-04-15 07:14:57 UTC | 454119 | INFO: ****************************
2023-04-15 07:14:57 UTC | 454119 | INFO: *** NEW SESSION STARTING ***
2023-04-15 07:14:57 UTC | 454119 | INFO: ****************************
2023-04-15 07:14:57 UTC | 454119 | INFO: 
2023-04-15 07:14:57 UTC | 454119 | DEBUG: Logging level: 20
2023-04-15 07:14:57 UTC | 454119 | INFO: Remaining disk space : 73434.4 MB
2023-04-15 07:14:57 UTC | 454119 | INFO: Saving data log to /home/su530201/PycharmProjects/ohmpi_reversaal/OhmPi/data/data.log
2023-04-15 07:14:57 UTC | 454119 | DEBUG: execution logging configuration:
{
    "logging_level": 20,
    "log_file_logging_level": 10,
    "logging_to_console": true,
    "file_name": "exec.log",
    "max_bytes": 262144,
    "backup_count": 30,
    "when": "d",
    "interval": 1
}
2023-04-15 07:14:57 UTC | 454119 | DEBUG: data logging configuration:
{
    "logging_level": 20,
    "logging_to_console": true,
    "file_name": "data.log",
    "max_bytes": 16777216,
    "backup_count": 1024,
    "when": "d",
    "interval": 1
}
2023-04-15 07:14:57 UTC | 454119 | DEBUG: mqtt logging configuration:
{
    "hostname": "NAME_YOUR_BROKER_WHEN_IN_SIMULATION_MODE_HERE",
    "port": 1883,
    "qos": 2,
    "retain": false,
    "keepalive": 60,
    "will": null,
    "auth": {
        "username": "mqtt_user",
        "password": "mqtt_password"
    },
    "tls": null,
    "protocol": 3,
    "transport": "tcp",
    "client_id": "XXXX",
    "exec_topic": "ohmpi_XXXX/exec",
    "exec_logging_level": 10,
    "data_topic": "ohmpi_XXXX/data",
    "data_logging_level": 20,
    "soh_topic": "ohmpi_XXXX/soh",
    "soh_logging_level": 20
}
2023-04-15 07:14:58 UTC | 454119 | DEBUG: mqtt control configuration:
{
    "hostname": "NAME_YOUR_BROKER_WHEN_IN_SIMULATION_MODE_HERE",
    "port": 1883,
    "qos": 2,
    "retain": false,
    "keepalive": 60,
    "will": null,
    "auth": {
        "username": "mqtt_user",
        "password": "mqtt_password"
    },
    "tls": null,
    "protocol": 3,
    "transport": "tcp",
    "client_id": "XXXX",
    "ctrl_topic": "ohmpi_XXXX/ctrl"
}
2023-04-15 07:14:58 UTC | 454119 | DEBUG: 
2023-04-15 07:14:58 UTC | 454119 | DEBUG: Getting hardware config
