2023-06-16 10:04:54 UTC | 5786 | INFO: ****************************
2023-06-16 10:04:54 UTC | 5786 | INFO: *** NEW SESSION STARTING ***
2023-06-16 10:04:54 UTC | 5786 | INFO: ****************************
2023-06-16 10:04:54 UTC | 5786 | INFO: 
2023-06-16 10:04:54 UTC | 5786 | INFO: Remaining disk space : 19883.7 MB
2023-06-16 10:04:54 UTC | 5786 | INFO: Saving data log to /home/pi/OhmPi/ohmpi/data/data.log
2023-06-16 10:04:54 UTC | 5786 | EVENT: ohmpi_card_3_15	Init_RX	begin	2023-06-16 10:04:54.222336
2023-06-16 10:04:54 UTC | 5786 | EVENT: ohmpi_card_3_15	Init_RX	end	2023-06-16 10:04:59.226964
2023-06-16 10:04:54 UTC | 5786 | INFO: Hardware configured...
2023-06-16 10:04:54 UTC | 5786 | WARNING: Voltage cannot be set on pwr_batt...
2023-06-16 10:04:55 UTC | 5786 | WARNING: Voltage cannot be set on pwr_batt...
2023-06-16 10:04:55 UTC | 5786 | INFO: values when starting pulse 0 : 0.10351878414258248 mA, -0.015625476851710562 mV
2023-06-16 10:04:56 UTC | 5786 | WARNING: pulse 0: elapsed time 0.963789 s
2023-06-16 10:04:56 UTC | 5786 | WARNING: pulse 0: total samples 20
2023-06-16 10:04:56 UTC | 5786 | WARNING: Voltage cannot be set on pwr_batt...
2023-06-16 10:04:56 UTC | 5786 | INFO: values when starting pulse 1 : 2.56 mA, 24.196050904873804 mV
2023-06-16 10:04:57 UTC | 5786 | WARNING: pulse 1: elapsed time 2.062349 s
2023-06-16 10:04:57 UTC | 5786 | WARNING: pulse 1: total samples 42
2023-06-16 10:04:57 UTC | 5786 | WARNING: Voltage cannot be set on pwr_batt...
2023-06-16 10:04:57 UTC | 5786 | INFO: values when starting pulse 2 : 0.1029718924527726 mA, 1.2344126712851344 mV
2023-06-16 10:04:58 UTC | 5786 | WARNING: pulse 2: elapsed time 3.16233 s
2023-06-16 10:04:58 UTC | 5786 | WARNING: pulse 2: total samples 64
2023-06-16 10:04:58 UTC | 5786 | WARNING: Voltage cannot be set on pwr_batt...
2023-06-16 10:04:58 UTC | 5786 | INFO: values when starting pulse 3 : 2.56 mA, 24.094485305337688 mV
2023-06-16 10:04:59 UTC | 5786 | WARNING: pulse 3: elapsed time 4.262339 s
2023-06-16 10:04:59 UTC | 5786 | WARNING: pulse 3: total samples 86
2023-06-16 10:04:59 UTC | 5786 | WARNING: Voltage cannot be set on pwr_batt...
2023-06-16 10:04:59 UTC | 5786 | INFO: values when starting pulse 4 : 0.10281563768425551 mA, 1.2578508865627003 mV
2023-06-16 10:05:00 UTC | 5786 | WARNING: pulse 4: elapsed time 5.36226 s
2023-06-16 10:05:00 UTC | 5786 | WARNING: pulse 4: total samples 108
2023-06-16 10:05:00 UTC | 5786 | WARNING: Voltage cannot be set on pwr_batt...
2023-06-16 10:05:00 UTC | 5786 | INFO: values when starting pulse 5 : 2.56 mA, 24.28980376598407 mV
2023-06-16 10:05:01 UTC | 5786 | WARNING: pulse 5: elapsed time 6.462261 s
2023-06-16 10:05:01 UTC | 5786 | WARNING: pulse 5: total samples 130
