2024-01-26 20:05:43 UTC | 2086 | INFO: Starting_session
2024-01-26 20:05:57 UTC | 2086 | INFO: {'time': '2024-01-26T21:05:57.513764', 'A': '17', 'B': '20', 'M': '18', 'N': '19', 'inj time [ms]': 1000.0, 'Vmn [mV]': 1659.799, 'I [mA]': 34.996, 'R [Ohm]': 47.429, 'R_std [%]': 0.494, 'Ps [mV]': 32.862, 'nbStack': 1, 'Tx [V]': 20.0, 'CPU temp [degC]': 56.478, 'Nb samples [-]': 29, 'I_std [%]': 0.058, 'Vmn_std [%]': 0.493, 'R_ab [kOhm]': 0.571, 'cmd_id': 'None'}
2024-01-26 20:10:03 UTC | 2234 | INFO: Starting_session
2024-01-26 20:16:57 UTC | 2306 | INFO: Starting_session
2024-01-26 20:17:51 UTC | 2355 | INFO: Starting_session
2024-01-26 20:19:14 UTC | 2390 | INFO: Starting_session
2024-01-26 20:19:20 UTC | 2390 | INFO: {"rsdata": {"A": 1, "B": 4, "rs": 15.92}}
2024-01-26 20:19:21 UTC | 2390 | INFO: {"rsdata": {"A": 4, "B": 5, "rs": 16.931}}
2024-01-26 20:19:21 UTC | 2390 | INFO: {"rsdata": {"A": 5, "B": 6, "rs": 13.168}}
2024-01-26 20:19:22 UTC | 2390 | INFO: {"rsdata": {"A": 6, "B": 7, "rs": 15.458}}
2024-01-26 20:19:23 UTC | 2390 | INFO: {"rsdata": {"A": 7, "B": 8, "rs": 15.238}}
2024-01-26 20:19:23 UTC | 2390 | INFO: {"rsdata": {"A": 8, "B": 9, "rs": 16.161}}
2024-01-26 20:19:24 UTC | 2390 | INFO: {"rsdata": {"A": 9, "B": 10, "rs": 15.92}}
2024-01-26 20:19:24 UTC | 2390 | INFO: {"rsdata": {"A": 10, "B": 11, "rs": 16.666}}
2024-01-26 20:19:25 UTC | 2390 | INFO: {"rsdata": {"A": 11, "B": 12, "rs": 17.204}}
2024-01-26 20:19:26 UTC | 2390 | INFO: {"rsdata": {"A": 12, "B": 13, "rs": 16.666}}
2024-01-26 20:19:26 UTC | 2390 | INFO: {"rsdata": {"A": 13, "B": 14, "rs": 15.686}}
2024-01-26 20:19:27 UTC | 2390 | INFO: {"rsdata": {"A": 14, "B": 15, "rs": 15.686}}
2024-01-26 20:19:28 UTC | 2390 | INFO: {"rsdata": {"A": 15, "B": 16, "rs": 16.161}}
2024-01-26 20:19:41 UTC | 2390 | INFO: {'time': '2024-01-26T21:19:41.932817', 'A': '1', 'B': '16', 'M': '6', 'N': '11', 'inj time [ms]': 150.0, 'Vmn [mV]': 0.0, 'I [mA]': 0.121, 'R [Ohm]': 0.0, 'R_std [%]': nan, 'Ps [mV]': 7288.0, 'nbStack': 1, 'Tx [V]': 2.961, 'CPU temp [degC]': 55.991, 'Nb samples [-]': 4, 'I_std [%]': 2.669, 'Vmn_std [%]': nan, 'R_ab [kOhm]': 24.462, 'cmd_id': 'None'}
2024-01-26 20:19:52 UTC | 2390 | INFO: {'time': '2024-01-26T21:19:52.283842', 'A': '1', 'B': '15', 'M': '6', 'N': '10', 'inj time [ms]': 150.0, 'Vmn [mV]': 0.0, 'I [mA]': 0.125, 'R [Ohm]': 0.0, 'R_std [%]': nan, 'Ps [mV]': 7288.0, 'nbStack': 1, 'Tx [V]': 3.152, 'CPU temp [degC]': 57.452, 'Nb samples [-]': 3, 'I_std [%]': 3.693, 'Vmn_std [%]': nan, 'R_ab [kOhm]': 25.162, 'cmd_id': 'None'}
2024-01-26 20:20:02 UTC | 2390 | INFO: {'time': '2024-01-26T21:20:02.638578', 'A': '1', 'B': '13', 'M': '5', 'N': '9', 'inj time [ms]': 150.0, 'Vmn [mV]': 0.0, 'I [mA]': 0.119, 'R [Ohm]': 0.0, 'R_std [%]': nan, 'Ps [mV]': 7288.0, 'nbStack': 1, 'Tx [V]': 3.189, 'CPU temp [degC]': 57.939, 'Nb samples [-]': 4, 'I_std [%]': 2.09, 'Vmn_std [%]': nan, 'R_ab [kOhm]': 26.725, 'cmd_id': 'None'}
2024-01-26 20:20:13 UTC | 2390 | INFO: {'time': '2024-01-26T21:20:12.996836', 'A': '1', 'B': '16', 'M': '7', 'N': '10', 'inj time [ms]': 150.0, 'Vmn [mV]': 0.0, 'I [mA]': 0.123, 'R [Ohm]': 0.0, 'R_std [%]': nan, 'Ps [mV]': 7288.0, 'nbStack': 1, 'Tx [V]': 3.554, 'CPU temp [degC]': 56.965, 'Nb samples [-]': 4, 'I_std [%]': 1.724, 'Vmn_std [%]': nan, 'R_ab [kOhm]': 28.997, 'cmd_id': 'None'}
2024-01-26 20:20:23 UTC | 2390 | INFO: {'time': '2024-01-26T21:20:23.352476', 'A': '1', 'B': '14', 'M': '6', 'N': '9', 'inj time [ms]': 150.0, 'Vmn [mV]': 0.0, 'I [mA]': 0.121, 'R [Ohm]': 0.0, 'R_std [%]': nan, 'Ps [mV]': 7288.0, 'nbStack': 1, 'Tx [V]': 4.107, 'CPU temp [degC]': 57.939, 'Nb samples [-]': 4, 'I_std [%]': 3.491, 'Vmn_std [%]': nan, 'R_ab [kOhm]': 33.816, 'cmd_id': 'None'}
2024-01-26 20:20:33 UTC | 2390 | INFO: {'time': '2024-01-26T21:20:33.863529', 'A': '1', 'B': '12', 'M': '5', 'N': '8', 'inj time [ms]': 150.0, 'Vmn [mV]': 0.0, 'I [mA]': 0.119, 'R [Ohm]': 0.0, 'R_std [%]': nan, 'Ps [mV]': 7288.0, 'nbStack': 1, 'Tx [V]': 3.941, 'CPU temp [degC]': 55.991, 'Nb samples [-]': 3, 'I_std [%]': 1.897, 'Vmn_std [%]': nan, 'R_ab [kOhm]': 33.219, 'cmd_id': 'None'}
2024-01-26 20:20:44 UTC | 2390 | INFO: {'time': '2024-01-26T21:20:44.071768', 'A': '1', 'B': '10', 'M': '4', 'N': '7', 'inj time [ms]': 150.0, 'Vmn [mV]': 0.0, 'I [mA]': 0.124, 'R [Ohm]': 0.0, 'R_std [%]': nan, 'Ps [mV]': 7288.0, 'nbStack': 1, 'Tx [V]': 3.876, 'CPU temp [degC]': 55.991, 'Nb samples [-]': 3, 'I_std [%]': 2.446, 'Vmn_std [%]': nan, 'R_ab [kOhm]': 31.163, 'cmd_id': 'None'}
2024-01-26 20:20:56 UTC | 2390 | INFO: {'time': '2024-01-26T21:20:56.047465', 'A': '1', 'B': '15', 'M': '7', 'N': '9', 'inj time [ms]': 150.0, 'Vmn [mV]': nan, 'I [mA]': nan, 'R [Ohm]': nan, 'R_std [%]': nan, 'Ps [mV]': 7288.0, 'nbStack': 1, 'Tx [V]': 2.335, 'CPU temp [degC]': 56.965, 'Nb samples [-]': 1, 'I_std [%]': nan, 'Vmn_std [%]': nan, 'R_ab [kOhm]': nan, 'cmd_id': 'None'}
2024-01-26 20:21:06 UTC | 2390 | INFO: {'time': '2024-01-26T21:21:06.246544', 'A': '1', 'B': '13', 'M': '6', 'N': '8', 'inj time [ms]': 150.0, 'Vmn [mV]': 0.0, 'I [mA]': 0.126, 'R [Ohm]': 0.0, 'R_std [%]': nan, 'Ps [mV]': 7288.0, 'nbStack': 1, 'Tx [V]': 4.473, 'CPU temp [degC]': 57.452, 'Nb samples [-]': 3, 'I_std [%]': 6.038, 'Vmn_std [%]': nan, 'R_ab [kOhm]': 35.437, 'cmd_id': 'None'}
2024-01-26 20:21:16 UTC | 2390 | INFO: {'time': '2024-01-26T21:21:16.601420', 'A': '1', 'B': '11', 'M': '5', 'N': '7', 'inj time [ms]': 150.0, 'Vmn [mV]': 0.0, 'I [mA]': 0.119, 'R [Ohm]': 0.0, 'R_std [%]': nan, 'Ps [mV]': 7288.0, 'nbStack': 1, 'Tx [V]': 3.913, 'CPU temp [degC]': 56.478, 'Nb samples [-]': 3, 'I_std [%]': 2.442, 'Vmn_std [%]': nan, 'R_ab [kOhm]': 32.835, 'cmd_id': 'None'}
2024-01-26 20:24:45 UTC | 3004 | INFO: Starting_session
2024-01-26 20:25:08 UTC | 3030 | INFO: Starting_session
2024-01-26 20:25:21 UTC | 3030 | INFO: {'time': '2024-01-26T21:25:21.625195', 'A': '17', 'B': '20', 'M': '18', 'N': '19', 'inj time [ms]': 1000.0, 'Vmn [mV]': 1661.103, 'I [mA]': 35.017, 'R [Ohm]': 47.437, 'R_std [%]': 0.436, 'Ps [mV]': 29.861, 'nbStack': 1, 'Tx [V]': 20.0, 'CPU temp [degC]': 60.374, 'Nb samples [-]': 33, 'I_std [%]': 0.058, 'Vmn_std [%]': 0.447, 'R_ab [kOhm]': 0.571, 'cmd_id': 'None'}
2024-01-26 20:39:04 UTC | 3587 | INFO: Starting_session
2024-01-26 20:42:18 UTC | 3626 | INFO: Starting_session
2024-01-26 20:45:36 UTC | 4209 | INFO: Starting_session
2024-01-26 20:46:40 UTC | 4243 | INFO: Starting_session
2024-01-26 20:47:45 UTC | 4315 | INFO: Starting_session
2024-01-26 20:50:09 UTC | 4376 | INFO: Starting_session
2024-01-26 20:51:39 UTC | 4416 | INFO: Starting_session
2024-01-26 20:55:22 UTC | 4582 | INFO: Starting_session
2024-01-26 20:57:58 UTC | 4739 | INFO: Starting_session
2024-01-26 20:59:24 UTC | 4797 | INFO: Starting_session
2024-01-26 21:00:29 UTC | 4848 | INFO: Starting_session
2024-01-26 21:03:50 UTC | 4898 | INFO: Starting_session
2024-01-26 21:08:42 UTC | 4996 | INFO: Starting_session
2024-01-26 21:09:59 UTC | 5028 | INFO: Starting_session
2024-01-26 21:10:59 UTC | 5057 | INFO: Starting_session
2024-01-26 21:11:23 UTC | 5084 | INFO: Starting_session
2024-01-26 21:16:09 UTC | 5167 | INFO: Starting_session
2024-01-26 21:19:13 UTC | 5220 | INFO: Starting_session
2024-01-27 07:10:56 UTC | 2225 | INFO: Starting_session
2024-01-27 07:13:09 UTC | 2281 | INFO: Starting_session
2024-01-27 07:14:19 UTC | 2327 | INFO: Starting_session
2024-01-27 07:15:02 UTC | 2384 | INFO: Starting_session
2024-01-27 07:17:49 UTC | 2444 | INFO: Starting_session
2024-01-27 07:19:02 UTC | 2499 | INFO: Starting_session
2024-01-27 07:25:23 UTC | 2615 | INFO: Starting_session
2024-01-27 07:50:04 UTC | 2728 | INFO: Starting_session
2024-01-27 07:50:10 UTC | 2728 | INFO: {"rsdata": {"A": 1, "B": 2, "rs": 14.814}}
2024-01-27 07:50:10 UTC | 2728 | INFO: {"rsdata": {"A": 2, "B": 3, "rs": 15.686}}
2024-01-27 07:50:11 UTC | 2728 | INFO: {"rsdata": {"A": 3, "B": 4, "rs": 15.92}}
2024-01-27 07:50:12 UTC | 2728 | INFO: {"rsdata": {"A": 4, "B": 5, "rs": 16.931}}
2024-01-27 07:50:12 UTC | 2728 | INFO: {"rsdata": {"A": 5, "B": 6, "rs": 17.204}}
2024-01-27 07:50:13 UTC | 2728 | INFO: {"rsdata": {"A": 6, "B": 7, "rs": 14.414}}
2024-01-27 07:50:14 UTC | 2728 | INFO: {"rsdata": {"A": 7, "B": 8, "rs": 16.666}}
2024-01-27 07:50:14 UTC | 2728 | INFO: {"rsdata": {"A": 8, "B": 9, "rs": 16.666}}
2024-01-27 07:50:15 UTC | 2728 | INFO: {"rsdata": {"A": 9, "B": 10, "rs": 15.686}}
2024-01-27 07:50:16 UTC | 2728 | INFO: {"rsdata": {"A": 10, "B": 11, "rs": 16.41}}
2024-01-27 07:50:17 UTC | 2728 | INFO: {"rsdata": {"A": 11, "B": 12, "rs": 14.814}}
2024-01-27 07:50:38 UTC | 2846 | INFO: Starting_session
2024-01-27 07:50:45 UTC | 2846 | INFO: {"rsdata": {"A": 1, "B": 2, "rs": 0.658}}
2024-01-27 07:50:45 UTC | 2846 | INFO: {"rsdata": {"A": 2, "B": 3, "rs": 1.005}}
2024-01-27 07:50:46 UTC | 2846 | INFO: {"rsdata": {"A": 3, "B": 4, "rs": 0.97}}
2024-01-27 07:50:47 UTC | 2846 | INFO: {"rsdata": {"A": 4, "B": 5, "rs": 0.987}}
2024-01-27 07:50:47 UTC | 2846 | INFO: {"rsdata": {"A": 5, "B": 6, "rs": 0.991}}
2024-01-27 07:50:48 UTC | 2846 | INFO: {"rsdata": {"A": 6, "B": 7, "rs": 0.982}}
2024-01-27 07:50:49 UTC | 2846 | INFO: {"rsdata": {"A": 7, "B": 8, "rs": 0.978}}
2024-01-27 07:50:49 UTC | 2846 | INFO: {"rsdata": {"A": 8, "B": 9, "rs": 1.007}}
2024-01-27 07:50:50 UTC | 2846 | INFO: {"rsdata": {"A": 9, "B": 10, "rs": 1.006}}
2024-01-27 07:50:50 UTC | 2846 | INFO: {"rsdata": {"A": 10, "B": 11, "rs": 0.984}}
2024-01-27 07:50:51 UTC | 2846 | INFO: {"rsdata": {"A": 11, "B": 12, "rs": 1.002}}
2024-01-27 07:50:52 UTC | 2846 | INFO: {"rsdata": {"A": 12, "B": 13, "rs": 0.986}}
2024-01-27 07:50:52 UTC | 2846 | INFO: {"rsdata": {"A": 13, "B": 14, "rs": 0.989}}
2024-01-27 07:50:53 UTC | 2846 | INFO: {"rsdata": {"A": 14, "B": 15, "rs": 1.004}}
2024-01-27 07:50:54 UTC | 2846 | INFO: {"rsdata": {"A": 15, "B": 16, "rs": 1.0}}
2024-01-27 07:51:05 UTC | 2846 | INFO: {'time': '2024-01-27T08:51:05.096715', 'A': '1', 'B': '16', 'M': '6', 'N': '11', 'inj time [ms]': 250.0, 'Vmn [mV]': 1662.421, 'I [mA]': 0.374, 'R [Ohm]': 4457.095, 'R_std [%]': 4.475, 'Ps [mV]': 24.734, 'nbStack': 1, 'Tx [V]': 5.0, 'CPU temp [degC]': 50.634, 'Nb samples [-]': 7, 'I_std [%]': 4.128, 'Vmn_std [%]': 0.262, 'R_ab [kOhm]': 13.381, 'cmd_id': 'None'}
2024-01-27 07:51:12 UTC | 2846 | INFO: {'time': '2024-01-27T08:51:12.487384', 'A': '1', 'B': '15', 'M': '6', 'N': '10', 'inj time [ms]': 250.0, 'Vmn [mV]': 1426.08, 'I [mA]': 0.376, 'R [Ohm]': 3795.168, 'R_std [%]': 2.612, 'Ps [mV]': 29.396, 'nbStack': 1, 'Tx [V]': 5.0, 'CPU temp [degC]': 52.095, 'Nb samples [-]': 7, 'I_std [%]': 2.596, 'Vmn_std [%]': 0.241, 'R_ab [kOhm]': 13.297, 'cmd_id': 'None'}
2024-01-27 07:51:19 UTC | 2846 | INFO: {'time': '2024-01-27T08:51:19.905128', 'A': '1', 'B': '13', 'M': '5', 'N': '9', 'inj time [ms]': 250.0, 'Vmn [mV]': 1665.451, 'I [mA]': 0.464, 'R [Ohm]': 3591.29, 'R_std [%]': 2.929, 'Ps [mV]': 28.131, 'nbStack': 1, 'Tx [V]': 5.0, 'CPU temp [degC]': 52.582, 'Nb samples [-]': 7, 'I_std [%]': 2.918, 'Vmn_std [%]': 0.069, 'R_ab [kOhm]': 10.773, 'cmd_id': 'None'}
2024-01-27 07:51:40 UTC | 3082 | INFO: Starting_session
2024-01-27 07:51:47 UTC | 3082 | INFO: {"rsdata": {"A": 1, "B": 2, "rs": 0.589}}
2024-01-27 07:51:47 UTC | 3082 | INFO: {"rsdata": {"A": 2, "B": 3, "rs": 0.984}}
2024-01-27 07:51:48 UTC | 3082 | INFO: {"rsdata": {"A": 3, "B": 4, "rs": 0.986}}
2024-01-27 07:51:49 UTC | 3082 | INFO: {"rsdata": {"A": 4, "B": 5, "rs": 0.979}}
2024-01-27 07:51:50 UTC | 3082 | INFO: {"rsdata": {"A": 5, "B": 6, "rs": 0.992}}
2024-01-27 07:51:50 UTC | 3082 | INFO: {"rsdata": {"A": 6, "B": 7, "rs": 0.989}}
2024-01-27 07:51:51 UTC | 3082 | INFO: {"rsdata": {"A": 7, "B": 8, "rs": 0.993}}
2024-01-27 07:51:51 UTC | 3082 | INFO: {"rsdata": {"A": 8, "B": 9, "rs": 0.971}}
2024-01-27 07:51:52 UTC | 3082 | INFO: {"rsdata": {"A": 9, "B": 10, "rs": 1.007}}
2024-01-27 07:51:53 UTC | 3082 | INFO: {"rsdata": {"A": 10, "B": 11, "rs": 0.995}}
2024-01-27 07:51:53 UTC | 3082 | INFO: {"rsdata": {"A": 11, "B": 12, "rs": 0.981}}
2024-01-27 07:51:54 UTC | 3082 | INFO: {"rsdata": {"A": 12, "B": 13, "rs": 0.989}}
2024-01-27 07:51:55 UTC | 3082 | INFO: {"rsdata": {"A": 13, "B": 14, "rs": 1.006}}
2024-01-27 07:51:55 UTC | 3082 | INFO: {"rsdata": {"A": 14, "B": 15, "rs": 0.988}}
2024-01-27 07:51:56 UTC | 3082 | INFO: {"rsdata": {"A": 15, "B": 16, "rs": 0.994}}
2024-01-27 07:52:08 UTC | 3082 | INFO: {'time': '2024-01-27T08:52:08.862305', 'A': '1', 'B': '16', 'M': '6', 'N': '11', 'inj time [ms]': 250.0, 'Vmn [mV]': 4383.259, 'I [mA]': 0.9, 'R [Ohm]': 4872.091, 'R_std [%]': 2.247, 'Ps [mV]': 29.467, 'nbStack': 1, 'Tx [V]': 13.162, 'CPU temp [degC]': 51.608, 'Nb samples [-]': 6, 'I_std [%]': 2.298, 'Vmn_std [%]': 0.042, 'R_ab [kOhm]': 14.622, 'cmd_id': 'None'}
2024-01-27 07:52:19 UTC | 3082 | INFO: {'time': '2024-01-27T08:52:19.422943', 'A': '1', 'B': '15', 'M': '6', 'N': '10', 'inj time [ms]': 250.0, 'Vmn [mV]': 4747.457, 'I [mA]': 1.206, 'R [Ohm]': 3936.324, 'R_std [%]': 0.968, 'Ps [mV]': 28.169, 'nbStack': 1, 'Tx [V]': 16.623, 'CPU temp [degC]': 53.069, 'Nb samples [-]': 6, 'I_std [%]': 0.91, 'Vmn_std [%]': 0.093, 'R_ab [kOhm]': 13.782, 'cmd_id': 'None'}
2024-01-27 07:52:28 UTC | 3082 | INFO: {'time': '2024-01-27T08:52:28.459071', 'A': '1', 'B': '13', 'M': '5', 'N': '9', 'inj time [ms]': 250.0, 'Vmn [mV]': 4669.955, 'I [mA]': 1.208, 'R [Ohm]': 3866.581, 'R_std [%]': 0.798, 'Ps [mV]': 26.935, 'nbStack': 1, 'Tx [V]': 14.022, 'CPU temp [degC]': 52.095, 'Nb samples [-]': 6, 'I_std [%]': 0.785, 'Vmn_std [%]': 0.042, 'R_ab [kOhm]': 11.609, 'cmd_id': 'None'}
2024-01-27 07:52:39 UTC | 3082 | INFO: {'time': '2024-01-27T08:52:39.181359', 'A': '1', 'B': '16', 'M': '7', 'N': '10', 'inj time [ms]': 250.0, 'Vmn [mV]': 4693.518, 'I [mA]': 1.599, 'R [Ohm]': 2934.779, 'R_std [%]': 0.519, 'Ps [mV]': 23.355, 'nbStack': 1, 'Tx [V]': 23.487, 'CPU temp [degC]': 50.634, 'Nb samples [-]': 6, 'I_std [%]': 0.538, 'Vmn_std [%]': 0.032, 'R_ab [kOhm]': 14.686, 'cmd_id': 'None'}
2024-01-27 07:52:48 UTC | 3082 | INFO: {'time': '2024-01-27T08:52:48.055377', 'A': '1', 'B': '14', 'M': '6', 'N': '9', 'inj time [ms]': 250.0, 'Vmn [mV]': 4783.052, 'I [mA]': 1.645, 'R [Ohm]': 2908.728, 'R_std [%]': 0.944, 'Ps [mV]': 23.993, 'nbStack': 1, 'Tx [V]': 20.759, 'CPU temp [degC]': 51.608, 'Nb samples [-]': 7, 'I_std [%]': 0.945, 'Vmn_std [%]': 0.014, 'R_ab [kOhm]': 12.623, 'cmd_id': 'None'}
2024-01-27 07:52:57 UTC | 3082 | INFO: {'time': '2024-01-27T08:52:57.297760', 'A': '1', 'B': '12', 'M': '5', 'N': '8', 'inj time [ms]': 250.0, 'Vmn [mV]': 4690.115, 'I [mA]': 1.59, 'R [Ohm]': 2950.709, 'R_std [%]': 0.922, 'Ps [mV]': 28.955, 'nbStack': 1, 'Tx [V]': 17.2, 'CPU temp [degC]': 51.121, 'Nb samples [-]': 7, 'I_std [%]': 0.933, 'Vmn_std [%]': 0.016, 'R_ab [kOhm]': 10.82, 'cmd_id': 'None'}
2024-01-27 07:53:06 UTC | 3082 | INFO: {'time': '2024-01-27T08:53:06.173157', 'A': '1', 'B': '10', 'M': '4', 'N': '7', 'inj time [ms]': 250.0, 'Vmn [mV]': 4754.958, 'I [mA]': 1.612, 'R [Ohm]': 2949.019, 'R_std [%]': 0.831, 'Ps [mV]': 26.232, 'nbStack': 1, 'Tx [V]': 14.287, 'CPU temp [degC]': 52.095, 'Nb samples [-]': 6, 'I_std [%]': 0.828, 'Vmn_std [%]': 0.019, 'R_ab [kOhm]': 8.86, 'cmd_id': 'None'}
2024-01-27 07:53:16 UTC | 3082 | INFO: {'time': '2024-01-27T08:53:16.894992', 'A': '1', 'B': '15', 'M': '7', 'N': '9', 'inj time [ms]': 250.0, 'Vmn [mV]': 4859.023, 'I [mA]': 2.462, 'R [Ohm]': 1973.732, 'R_std [%]': 0.519, 'Ps [mV]': 21.794, 'nbStack': 1, 'Tx [V]': 34.032, 'CPU temp [degC]': 51.121, 'Nb samples [-]': 6, 'I_std [%]': 0.518, 'Vmn_std [%]': 0.022, 'R_ab [kOhm]': 13.823, 'cmd_id': 'None'}
2024-01-27 07:53:27 UTC | 3082 | INFO: {'time': '2024-01-27T08:53:27.835193', 'A': '1', 'B': '13', 'M': '6', 'N': '8', 'inj time [ms]': 250.0, 'Vmn [mV]': 4857.157, 'I [mA]': 2.438, 'R [Ohm]': 1992.373, 'R_std [%]': 0.705, 'Ps [mV]': 28.945, 'nbStack': 1, 'Tx [V]': 29.183, 'CPU temp [degC]': 53.069, 'Nb samples [-]': 5, 'I_std [%]': 0.703, 'Vmn_std [%]': 0.029, 'R_ab [kOhm]': 11.97, 'cmd_id': 'None'}
2024-01-27 07:53:38 UTC | 3082 | INFO: {'time': '2024-01-27T08:53:38.709005', 'A': '1', 'B': '11', 'M': '5', 'N': '7', 'inj time [ms]': 250.0, 'Vmn [mV]': 4863.523, 'I [mA]': 2.439, 'R [Ohm]': 1994.343, 'R_std [%]': 0.439, 'Ps [mV]': 29.232, 'nbStack': 1, 'Tx [V]': 24.332, 'CPU temp [degC]': 52.095, 'Nb samples [-]': 6, 'I_std [%]': 0.448, 'Vmn_std [%]': 0.015, 'R_ab [kOhm]': 9.977, 'cmd_id': 'None'}
2024-01-27 07:53:49 UTC | 3082 | INFO: {'time': '2024-01-27T08:53:49.448163', 'A': '1', 'B': '9', 'M': '4', 'N': '6', 'inj time [ms]': 250.0, 'Vmn [mV]': 4786.209, 'I [mA]': 2.417, 'R [Ohm]': 1980.393, 'R_std [%]': 0.445, 'Ps [mV]': 26.325, 'nbStack': 1, 'Tx [V]': 19.133, 'CPU temp [degC]': 52.095, 'Nb samples [-]': 6, 'I_std [%]': 0.443, 'Vmn_std [%]': 0.02, 'R_ab [kOhm]': 7.917, 'cmd_id': 'None'}
2024-01-27 07:53:58 UTC | 3082 | INFO: {'time': '2024-01-27T08:53:58.674308', 'A': '1', 'B': '7', 'M': '3', 'N': '5', 'inj time [ms]': 250.0, 'Vmn [mV]': 4869.528, 'I [mA]': 2.469, 'R [Ohm]': 1972.417, 'R_std [%]': 0.438, 'Ps [mV]': 24.81, 'nbStack': 1, 'Tx [V]': 14.639, 'CPU temp [degC]': 52.095, 'Nb samples [-]': 7, 'I_std [%]': 0.428, 'Vmn_std [%]': 0.016, 'R_ab [kOhm]': 5.93, 'cmd_id': 'None'}
2024-01-27 07:54:07 UTC | 3082 | INFO: {'time': '2024-01-27T08:54:07.548936', 'A': '1', 'B': '12', 'M': '6', 'N': '7', 'inj time [ms]': 250.0, 'Vmn [mV]': 4536.206, 'I [mA]': 4.583, 'R [Ohm]': 989.826, 'R_std [%]': 0.333, 'Ps [mV]': 24.126, 'nbStack': 1, 'Tx [V]': 50.0, 'CPU temp [degC]': 52.095, 'Nb samples [-]': 7, 'I_std [%]': 0.342, 'Vmn_std [%]': 0.016, 'R_ab [kOhm]': 10.91, 'cmd_id': 'None'}
2024-01-27 07:54:18 UTC | 3082 | INFO: {'time': '2024-01-27T08:54:18.273623', 'A': '1', 'B': '10', 'M': '5', 'N': '6', 'inj time [ms]': 250.0, 'Vmn [mV]': 4919.4, 'I [mA]': 4.942, 'R [Ohm]': 995.508, 'R_std [%]': 0.277, 'Ps [mV]': 21.856, 'nbStack': 1, 'Tx [V]': 44.183, 'CPU temp [degC]': 51.608, 'Nb samples [-]': 6, 'I_std [%]': 0.279, 'Vmn_std [%]': 0.007, 'R_ab [kOhm]': 8.941, 'cmd_id': 'None'}
2024-01-27 07:54:29 UTC | 3082 | INFO: {'time': '2024-01-27T08:54:28.997939', 'A': '1', 'B': '8', 'M': '4', 'N': '5', 'inj time [ms]': 250.0, 'Vmn [mV]': 4901.052, 'I [mA]': 4.892, 'R [Ohm]': 1001.867, 'R_std [%]': 0.287, 'Ps [mV]': 23.843, 'nbStack': 1, 'Tx [V]': 34.328, 'CPU temp [degC]': 51.608, 'Nb samples [-]': 7, 'I_std [%]': 0.287, 'Vmn_std [%]': 0.011, 'R_ab [kOhm]': 7.017, 'cmd_id': 'None'}
2024-01-27 07:54:38 UTC | 3082 | INFO: {'time': '2024-01-27T08:54:38.241805', 'A': '1', 'B': '6', 'M': '3', 'N': '4', 'inj time [ms]': 250.0, 'Vmn [mV]': 4924.4, 'I [mA]': 4.927, 'R [Ohm]': 999.519, 'R_std [%]': 0.315, 'Ps [mV]': 23.979, 'nbStack': 1, 'Tx [V]': 24.671, 'CPU temp [degC]': 51.121, 'Nb samples [-]': 6, 'I_std [%]': 0.314, 'Vmn_std [%]': 0.011, 'R_ab [kOhm]': 5.008, 'cmd_id': 'None'}
2024-01-27 07:54:47 UTC | 3082 | INFO: {'time': '2024-01-27T08:54:47.117636', 'A': '1', 'B': '4', 'M': '2', 'N': '3', 'inj time [ms]': 250.0, 'Vmn [mV]': 4897.867, 'I [mA]': 4.872, 'R [Ohm]': 1005.344, 'R_std [%]': 0.152, 'Ps [mV]': 23.679, 'nbStack': 1, 'Tx [V]': 14.68, 'CPU temp [degC]': 52.095, 'Nb samples [-]': 7, 'I_std [%]': 0.151, 'Vmn_std [%]': 0.014, 'R_ab [kOhm]': 3.013, 'cmd_id': 'None'}
2024-01-27 07:54:57 UTC | 3082 | INFO: {'time': '2024-01-27T08:54:57.842049', 'A': '2', 'B': '16', 'M': '7', 'N': '11', 'inj time [ms]': 250.0, 'Vmn [mV]': 4681.92, 'I [mA]': 1.213, 'R [Ohm]': 3859.37, 'R_std [%]': 1.167, 'Ps [mV]': 25.969, 'nbStack': 1, 'Tx [V]': 16.387, 'CPU temp [degC]': 52.095, 'Nb samples [-]': 7, 'I_std [%]': 1.167, 'Vmn_std [%]': 0.01, 'R_ab [kOhm]': 13.507, 'cmd_id': 'None'}
2024-01-27 07:55:06 UTC | 3082 | INFO: {'time': '2024-01-27T08:55:06.923842', 'A': '2', 'B': '14', 'M': '6', 'N': '10', 'inj time [ms]': 250.0, 'Vmn [mV]': 4750.332, 'I [mA]': 1.234, 'R [Ohm]': 3849.493, 'R_std [%]': 1.657, 'Ps [mV]': 22.185, 'nbStack': 1, 'Tx [V]': 14.265, 'CPU temp [degC]': 52.095, 'Nb samples [-]': 6, 'I_std [%]': 1.689, 'Vmn_std [%]': 0.022, 'R_ab [kOhm]': 11.557, 'cmd_id': 'None'}
2024-01-27 07:55:15 UTC | 3082 | INFO: {'time': '2024-01-27T08:55:15.961610', 'A': '2', 'B': '15', 'M': '7', 'N': '10', 'inj time [ms]': 250.0, 'Vmn [mV]': 4853.273, 'I [mA]': 1.638, 'R [Ohm]': 2963.63, 'R_std [%]': 0.963, 'Ps [mV]': 22.81, 'nbStack': 1, 'Tx [V]': 21.043, 'CPU temp [degC]': 52.095, 'Nb samples [-]': 6, 'I_std [%]': 0.934, 'Vmn_std [%]': 0.05, 'R_ab [kOhm]': 12.849, 'cmd_id': 'None'}
2024-01-27 07:55:25 UTC | 3082 | INFO: {'time': '2024-01-27T08:55:25.206576', 'A': '2', 'B': '13', 'M': '6', 'N': '9', 'inj time [ms]': 250.0, 'Vmn [mV]': 4750.325, 'I [mA]': 1.624, 'R [Ohm]': 2924.637, 'R_std [%]': 0.793, 'Ps [mV]': 24.785, 'nbStack': 1, 'Tx [V]': 17.438, 'CPU temp [degC]': 51.121, 'Nb samples [-]': 7, 'I_std [%]': 0.796, 'Vmn_std [%]': 0.021, 'R_ab [kOhm]': 10.735, 'cmd_id': 'None'}
2024-01-27 07:55:34 UTC | 3082 | INFO: {'time': '2024-01-27T08:55:34.083450', 'A': '2', 'B': '11', 'M': '5', 'N': '8', 'inj time [ms]': 250.0, 'Vmn [mV]': 4634.531, 'I [mA]': 1.566, 'R [Ohm]': 2959.951, 'R_std [%]': 0.494, 'Ps [mV]': 27.253, 'nbStack': 1, 'Tx [V]': 13.92, 'CPU temp [degC]': 51.121, 'Nb samples [-]': 7, 'I_std [%]': 0.497, 'Vmn_std [%]': 0.013, 'R_ab [kOhm]': 8.89, 'cmd_id': 'None'}
2024-01-27 07:55:44 UTC | 3082 | INFO: {'time': '2024-01-27T08:55:44.808256', 'A': '2', 'B': '16', 'M': '8', 'N': '10', 'inj time [ms]': 250.0, 'Vmn [mV]': 4892.771, 'I [mA]': 2.464, 'R [Ohm]': 1986.24, 'R_std [%]': 0.929, 'Ps [mV]': 25.503, 'nbStack': 1, 'Tx [V]': 34.248, 'CPU temp [degC]': 53.069, 'Nb samples [-]': 7, 'I_std [%]': 0.931, 'Vmn_std [%]': 0.015, 'R_ab [kOhm]': 13.902, 'cmd_id': 'None'}
2024-01-27 07:55:55 UTC | 3082 | INFO: {'time': '2024-01-27T08:55:55.533007', 'A': '2', 'B': '14', 'M': '7', 'N': '9', 'inj time [ms]': 250.0, 'Vmn [mV]': 4791.476, 'I [mA]': 2.421, 'R [Ohm]': 1979.386, 'R_std [%]': 0.365, 'Ps [mV]': 24.084, 'nbStack': 1, 'Tx [V]': 28.766, 'CPU temp [degC]': 51.608, 'Nb samples [-]': 7, 'I_std [%]': 0.375, 'Vmn_std [%]': 0.025, 'R_ab [kOhm]': 11.883, 'cmd_id': 'None'}
2024-01-27 07:56:06 UTC | 3082 | INFO: {'time': '2024-01-27T08:56:06.257869', 'A': '2', 'B': '12', 'M': '6', 'N': '8', 'inj time [ms]': 250.0, 'Vmn [mV]': 4808.897, 'I [mA]': 2.421, 'R [Ohm]': 1986.379, 'R_std [%]': 0.939, 'Ps [mV]': 29.653, 'nbStack': 1, 'Tx [V]': 24.093, 'CPU temp [degC]': 52.582, 'Nb samples [-]': 6, 'I_std [%]': 0.959, 'Vmn_std [%]': 0.021, 'R_ab [kOhm]': 9.951, 'cmd_id': 'None'}
2024-01-27 07:56:15 UTC | 3082 | INFO: {'time': '2024-01-27T08:56:15.501726', 'A': '2', 'B': '10', 'M': '5', 'N': '7', 'inj time [ms]': 250.0, 'Vmn [mV]': 4843.523, 'I [mA]': 2.444, 'R [Ohm]': 1981.586, 'R_std [%]': 0.339, 'Ps [mV]': 26.234, 'nbStack': 1, 'Tx [V]': 19.376, 'CPU temp [degC]': 51.608, 'Nb samples [-]': 6, 'I_std [%]': 0.336, 'Vmn_std [%]': 0.009, 'R_ab [kOhm]': 7.927, 'cmd_id': 'None'}
2024-01-27 07:56:24 UTC | 3082 | INFO: {'time': '2024-01-27T08:56:24.377370', 'A': '2', 'B': '8', 'M': '4', 'N': '6', 'inj time [ms]': 250.0, 'Vmn [mV]': 4803.284, 'I [mA]': 2.413, 'R [Ohm]': 1991.057, 'R_std [%]': 1.054, 'Ps [mV]': 26.113, 'nbStack': 1, 'Tx [V]': 14.402, 'CPU temp [degC]': 52.095, 'Nb samples [-]': 7, 'I_std [%]': 1.049, 'Vmn_std [%]': 0.013, 'R_ab [kOhm]': 5.969, 'cmd_id': 'None'}
2024-01-27 07:56:33 UTC | 3082 | INFO: {'time': '2024-01-27T08:56:33.620686', 'A': '2', 'B': '13', 'M': '7', 'N': '8', 'inj time [ms]': 250.0, 'Vmn [mV]': 4543.826, 'I [mA]': 4.554, 'R [Ohm]': 997.842, 'R_std [%]': 0.238, 'Ps [mV]': 23.7, 'nbStack': 1, 'Tx [V]': 50.0, 'CPU temp [degC]': 52.095, 'Nb samples [-]': 6, 'I_std [%]': 0.242, 'Vmn_std [%]': 0.012, 'R_ab [kOhm]': 10.98, 'cmd_id': 'None'}
2024-01-27 07:56:44 UTC | 3082 | INFO: {'time': '2024-01-27T08:56:44.183644', 'A': '2', 'B': '11', 'M': '6', 'N': '7', 'inj time [ms]': 250.0, 'Vmn [mV]': 4921.463, 'I [mA]': 4.938, 'R [Ohm]': 996.601, 'R_std [%]': 0.331, 'Ps [mV]': 25.231, 'nbStack': 1, 'Tx [V]': 44.38, 'CPU temp [degC]': 52.095, 'Nb samples [-]': 6, 'I_std [%]': 0.326, 'Vmn_std [%]': 0.023, 'R_ab [kOhm]': 8.987, 'cmd_id': 'None'}
2024-01-27 07:56:54 UTC | 3082 | INFO: {'time': '2024-01-27T08:56:54.908554', 'A': '2', 'B': '9', 'M': '5', 'N': '6', 'inj time [ms]': 250.0, 'Vmn [mV]': 4953.339, 'I [mA]': 4.948, 'R [Ohm]': 1001.024, 'R_std [%]': 0.234, 'Ps [mV]': 23.372, 'nbStack': 1, 'Tx [V]': 34.605, 'CPU temp [degC]': 51.608, 'Nb samples [-]': 6, 'I_std [%]': 0.249, 'Vmn_std [%]': 0.026, 'R_ab [kOhm]': 6.993, 'cmd_id': 'None'}
2024-01-27 07:57:05 UTC | 3082 | INFO: {'time': '2024-01-27T08:57:05.418654', 'A': '2', 'B': '7', 'M': '4', 'N': '5', 'inj time [ms]': 250.0, 'Vmn [mV]': 4915.65, 'I [mA]': 4.912, 'R [Ohm]': 1000.81, 'R_std [%]': 0.162, 'Ps [mV]': 24.153, 'nbStack': 1, 'Tx [V]': 24.602, 'CPU temp [degC]': 52.095, 'Nb samples [-]': 6, 'I_std [%]': 0.163, 'Vmn_std [%]': 0.011, 'R_ab [kOhm]': 5.009, 'cmd_id': 'None'}
2024-01-27 07:57:14 UTC | 3082 | INFO: {'time': '2024-01-27T08:57:14.295305', 'A': '2', 'B': '5', 'M': '3', 'N': '4', 'inj time [ms]': 250.0, 'Vmn [mV]': 4930.459, 'I [mA]': 4.936, 'R [Ohm]': 998.82, 'R_std [%]': 0.318, 'Ps [mV]': 24.191, 'nbStack': 1, 'Tx [V]': 14.824, 'CPU temp [degC]': 52.095, 'Nb samples [-]': 7, 'I_std [%]': 0.313, 'Vmn_std [%]': 0.015, 'R_ab [kOhm]': 3.003, 'cmd_id': 'None'}
2024-01-27 07:57:23 UTC | 3082 | INFO: {'time': '2024-01-27T08:57:23.566827', 'A': '3', 'B': '15', 'M': '7', 'N': '11', 'inj time [ms]': 250.0, 'Vmn [mV]': 4665.476, 'I [mA]': 1.193, 'R [Ohm]': 3913.088, 'R_std [%]': 1.776, 'Ps [mV]': 25.242, 'nbStack': 1, 'Tx [V]': 13.998, 'CPU temp [degC]': 50.634, 'Nb samples [-]': 7, 'I_std [%]': 1.762, 'Vmn_std [%]': 0.026, 'R_ab [kOhm]': 11.737, 'cmd_id': 'None'}
2024-01-27 07:57:34 UTC | 3082 | INFO: {'time': '2024-01-27T08:57:34.104470', 'A': '3', 'B': '16', 'M': '8', 'N': '11', 'inj time [ms]': 250.0, 'Vmn [mV]': 4814.319, 'I [mA]': 1.635, 'R [Ohm]': 2944.407, 'R_std [%]': 1.16, 'Ps [mV]': 26.861, 'nbStack': 1, 'Tx [V]': 20.848, 'CPU temp [degC]': 52.582, 'Nb samples [-]': 7, 'I_std [%]': 1.175, 'Vmn_std [%]': 0.008, 'R_ab [kOhm]': 12.749, 'cmd_id': 'None'}
2024-01-27 07:57:43 UTC | 3082 | INFO: {'time': '2024-01-27T08:57:43.142656', 'A': '3', 'B': '14', 'M': '7', 'N': '10', 'inj time [ms]': 250.0, 'Vmn [mV]': 4652.833, 'I [mA]': 1.563, 'R [Ohm]': 2977.247, 'R_std [%]': 1.06, 'Ps [mV]': 26.739, 'nbStack': 1, 'Tx [V]': 17.069, 'CPU temp [degC]': 51.608, 'Nb samples [-]': 7, 'I_std [%]': 1.055, 'Vmn_std [%]': 0.049, 'R_ab [kOhm]': 10.921, 'cmd_id': 'None'}
2024-01-27 07:57:52 UTC | 3082 | INFO: {'time': '2024-01-27T08:57:52.020601', 'A': '3', 'B': '12', 'M': '6', 'N': '9', 'inj time [ms]': 250.0, 'Vmn [mV]': 4772.333, 'I [mA]': 1.598, 'R [Ohm]': 2987.073, 'R_std [%]': 1.033, 'Ps [mV]': 29.185, 'nbStack': 1, 'Tx [V]': 14.335, 'CPU temp [degC]': 51.608, 'Nb samples [-]': 6, 'I_std [%]': 1.049, 'Vmn_std [%]': 0.022, 'R_ab [kOhm]': 8.971, 'cmd_id': 'None'}
2024-01-27 07:58:02 UTC | 3082 | INFO: {'time': '2024-01-27T08:58:02.746602', 'A': '3', 'B': '15', 'M': '8', 'N': '10', 'inj time [ms]': 250.0, 'Vmn [mV]': 4874.74, 'I [mA]': 2.447, 'R [Ohm]': 1992.26, 'R_std [%]': 0.739, 'Ps [mV]': 26.42, 'nbStack': 1, 'Tx [V]': 29.24, 'CPU temp [degC]': 53.069, 'Nb samples [-]': 7, 'I_std [%]': 0.736, 'Vmn_std [%]': 0.026, 'R_ab [kOhm]': 11.949, 'cmd_id': 'None'}
2024-01-27 07:58:11 UTC | 3082 | INFO: {'time': '2024-01-27T08:58:11.991070', 'A': '3', 'B': '13', 'M': '7', 'N': '9', 'inj time [ms]': 250.0, 'Vmn [mV]': 4809.566, 'I [mA]': 2.433, 'R [Ohm]': 1977.102, 'R_std [%]': 0.516, 'Ps [mV]': 25.085, 'nbStack': 1, 'Tx [V]': 24.048, 'CPU temp [degC]': 53.069, 'Nb samples [-]': 7, 'I_std [%]': 0.504, 'Vmn_std [%]': 0.022, 'R_ab [kOhm]': 9.885, 'cmd_id': 'None'}
2024-01-27 07:58:22 UTC | 3082 | INFO: {'time': '2024-01-27T08:58:22.554947', 'A': '3', 'B': '11', 'M': '6', 'N': '8', 'inj time [ms]': 250.0, 'Vmn [mV]': 4757.27, 'I [mA]': 2.413, 'R [Ohm]': 1971.436, 'R_std [%]': 0.915, 'Ps [mV]': 25.185, 'nbStack': 1, 'Tx [V]': 19.05, 'CPU temp [degC]': 52.582, 'Nb samples [-]': 6, 'I_std [%]': 0.925, 'Vmn_std [%]': 0.038, 'R_ab [kOhm]': 7.894, 'cmd_id': 'None'}
2024-01-27 07:58:31 UTC | 3082 | INFO: {'time': '2024-01-27T08:58:31.594378', 'A': '3', 'B': '9', 'M': '5', 'N': '7', 'inj time [ms]': 250.0, 'Vmn [mV]': 4816.147, 'I [mA]': 2.434, 'R [Ohm]': 1978.672, 'R_std [%]': 0.415, 'Ps [mV]': 25.716, 'nbStack': 1, 'Tx [V]': 14.45, 'CPU temp [degC]': 52.095, 'Nb samples [-]': 6, 'I_std [%]': 0.417, 'Vmn_std [%]': 0.01, 'R_ab [kOhm]': 5.936, 'cmd_id': 'None'}
2024-01-27 07:58:40 UTC | 3082 | INFO: {'time': '2024-01-27T08:58:40.862567', 'A': '3', 'B': '14', 'M': '8', 'N': '9', 'inj time [ms]': 250.0, 'Vmn [mV]': 4550.854, 'I [mA]': 4.565, 'R [Ohm]': 996.996, 'R_std [%]': 0.184, 'Ps [mV]': 26.533, 'nbStack': 1, 'Tx [V]': 50.0, 'CPU temp [degC]': 51.121, 'Nb samples [-]': 7, 'I_std [%]': 0.216, 'Vmn_std [%]': 0.114, 'R_ab [kOhm]': 10.954, 'cmd_id': 'None'}
2024-01-27 07:58:51 UTC | 3082 | INFO: {'time': '2024-01-27T08:58:51.563688', 'A': '3', 'B': '12', 'M': '7', 'N': '8', 'inj time [ms]': 250.0, 'Vmn [mV]': 4922.878, 'I [mA]': 4.948, 'R [Ohm]': 994.921, 'R_std [%]': 0.2, 'Ps [mV]': 23.999, 'nbStack': 1, 'Tx [V]': 44.319, 'CPU temp [degC]': 52.095, 'Nb samples [-]': 7, 'I_std [%]': 0.205, 'Vmn_std [%]': 0.016, 'R_ab [kOhm]': 8.957, 'cmd_id': 'None'}
2024-01-27 07:59:00 UTC | 3082 | INFO: {'time': '2024-01-27T08:59:00.443232', 'A': '3', 'B': '10', 'M': '6', 'N': '7', 'inj time [ms]': 250.0, 'Vmn [mV]': 4913.025, 'I [mA]': 4.941, 'R [Ohm]': 994.409, 'R_std [%]': 0.206, 'Ps [mV]': 23.794, 'nbStack': 1, 'Tx [V]': 34.457, 'CPU temp [degC]': 50.634, 'Nb samples [-]': 6, 'I_std [%]': 0.212, 'Vmn_std [%]': 0.012, 'R_ab [kOhm]': 6.974, 'cmd_id': 'None'}
2024-01-27 07:59:09 UTC | 3082 | INFO: {'time': '2024-01-27T08:59:09.316404', 'A': '3', 'B': '8', 'M': '5', 'N': '6', 'inj time [ms]': 250.0, 'Vmn [mV]': 4926.238, 'I [mA]': 4.932, 'R [Ohm]': 998.755, 'R_std [%]': 0.318, 'Ps [mV]': 22.764, 'nbStack': 1, 'Tx [V]': 24.582, 'CPU temp [degC]': 51.608, 'Nb samples [-]': 7, 'I_std [%]': 0.325, 'Vmn_std [%]': 0.014, 'R_ab [kOhm]': 4.984, 'cmd_id': 'None'}
2024-01-27 07:59:18 UTC | 3082 | INFO: {'time': '2024-01-27T08:59:18.561800', 'A': '3', 'B': '6', 'M': '4', 'N': '5', 'inj time [ms]': 250.0, 'Vmn [mV]': 4915.588, 'I [mA]': 4.939, 'R [Ohm]': 995.344, 'R_std [%]': 0.346, 'Ps [mV]': 22.899, 'nbStack': 1, 'Tx [V]': 14.773, 'CPU temp [degC]': 52.095, 'Nb samples [-]': 6, 'I_std [%]': 0.334, 'Vmn_std [%]': 0.013, 'R_ab [kOhm]': 2.991, 'cmd_id': 'None'}
2024-01-27 07:59:27 UTC | 3082 | INFO: {'time': '2024-01-27T08:59:27.438240', 'A': '4', 'B': '16', 'M': '8', 'N': '12', 'inj time [ms]': 250.0, 'Vmn [mV]': 4462.761, 'I [mA]': 1.129, 'R [Ohm]': 3954.247, 'R_std [%]': 1.022, 'Ps [mV]': 30.404, 'nbStack': 1, 'Tx [V]': 13.399, 'CPU temp [degC]': 51.608, 'Nb samples [-]': 6, 'I_std [%]': 1.038, 'Vmn_std [%]': 0.031, 'R_ab [kOhm]': 11.871, 'cmd_id': 'None'}
2024-01-27 07:59:36 UTC | 3082 | INFO: {'time': '2024-01-27T08:59:36.682558', 'A': '4', 'B': '15', 'M': '8', 'N': '11', 'inj time [ms]': 250.0, 'Vmn [mV]': 4766.333, 'I [mA]': 1.597, 'R [Ohm]': 2986.318, 'R_std [%]': 2.009, 'Ps [mV]': 27.878, 'nbStack': 1, 'Tx [V]': 17.454, 'CPU temp [degC]': 52.582, 'Nb samples [-]': 6, 'I_std [%]': 2.014, 'Vmn_std [%]': 0.053, 'R_ab [kOhm]': 10.932, 'cmd_id': 'None'}
2024-01-27 07:59:45 UTC | 3082 | INFO: {'time': '2024-01-27T08:59:45.559522', 'A': '4', 'B': '13', 'M': '7', 'N': '10', 'inj time [ms]': 250.0, 'Vmn [mV]': 4767.333, 'I [mA]': 1.608, 'R [Ohm]': 2964.726, 'R_std [%]': 0.402, 'Ps [mV]': 25.731, 'nbStack': 1, 'Tx [V]': 14.309, 'CPU temp [degC]': 53.556, 'Nb samples [-]': 6, 'I_std [%]': 0.401, 'Vmn_std [%]': 0.006, 'R_ab [kOhm]': 8.899, 'cmd_id': 'None'}
2024-01-27 07:59:56 UTC | 3082 | INFO: {'time': '2024-01-27T08:59:56.284304', 'A': '4', 'B': '16', 'M': '9', 'N': '11', 'inj time [ms]': 250.0, 'Vmn [mV]': 4868.553, 'I [mA]': 2.439, 'R [Ohm]': 1996.526, 'R_std [%]': 0.775, 'Ps [mV]': 29.985, 'nbStack': 1, 'Tx [V]': 29.177, 'CPU temp [degC]': 53.556, 'Nb samples [-]': 7, 'I_std [%]': 0.763, 'Vmn_std [%]': 0.021, 'R_ab [kOhm]': 11.964, 'cmd_id': 'None'}
2024-01-27 08:00:05 UTC | 3082 | INFO: {'time': '2024-01-27T09:00:05.529408', 'A': '4', 'B': '14', 'M': '8', 'N': '10', 'inj time [ms]': 250.0, 'Vmn [mV]': 4807.419, 'I [mA]': 2.413, 'R [Ohm]': 1992.697, 'R_std [%]': 0.955, 'Ps [mV]': 26.183, 'nbStack': 1, 'Tx [V]': 24.039, 'CPU temp [degC]': 52.095, 'Nb samples [-]': 7, 'I_std [%]': 0.966, 'Vmn_std [%]': 0.028, 'R_ab [kOhm]': 9.963, 'cmd_id': 'None'}
2024-01-27 08:00:16 UTC | 3082 | INFO: {'time': '2024-01-27T09:00:16.092843', 'A': '4', 'B': '12', 'M': '7', 'N': '9', 'inj time [ms]': 250.0, 'Vmn [mV]': 4864.077, 'I [mA]': 2.454, 'R [Ohm]': 1982.202, 'R_std [%]': 0.868, 'Ps [mV]': 24.742, 'nbStack': 1, 'Tx [V]': 19.453, 'CPU temp [degC]': 53.069, 'Nb samples [-]': 8, 'I_std [%]': 0.863, 'Vmn_std [%]': 0.039, 'R_ab [kOhm]': 7.927, 'cmd_id': 'None'}
2024-01-27 08:00:24 UTC | 3082 | INFO: {'time': '2024-01-27T09:00:24.969517', 'A': '4', 'B': '10', 'M': '6', 'N': '8', 'inj time [ms]': 250.0, 'Vmn [mV]': 4713.762, 'I [mA]': 2.394, 'R [Ohm]': 1969.053, 'R_std [%]': 0.652, 'Ps [mV]': 26.48, 'nbStack': 1, 'Tx [V]': 14.163, 'CPU temp [degC]': 52.095, 'Nb samples [-]': 7, 'I_std [%]': 0.645, 'Vmn_std [%]': 0.009, 'R_ab [kOhm]': 5.916, 'cmd_id': 'None'}
2024-01-27 08:00:34 UTC | 3082 | INFO: {'time': '2024-01-27T09:00:34.007885', 'A': '4', 'B': '15', 'M': '9', 'N': '10', 'inj time [ms]': 250.0, 'Vmn [mV]': 4550.076, 'I [mA]': 4.554, 'R [Ohm]': 999.197, 'R_std [%]': 0.412, 'Ps [mV]': 24.199, 'nbStack': 1, 'Tx [V]': 50.0, 'CPU temp [degC]': 51.608, 'Nb samples [-]': 6, 'I_std [%]': 0.42, 'Vmn_std [%]': 0.02, 'R_ab [kOhm]': 10.98, 'cmd_id': 'None'}
2024-01-27 08:00:44 UTC | 3082 | INFO: {'time': '2024-01-27T09:00:44.571334', 'A': '4', 'B': '13', 'M': '8', 'N': '9', 'inj time [ms]': 250.0, 'Vmn [mV]': 4912.9, 'I [mA]': 4.931, 'R [Ohm]': 996.406, 'R_std [%]': 0.322, 'Ps [mV]': 22.638, 'nbStack': 1, 'Tx [V]': 44.193, 'CPU temp [degC]': 51.121, 'Nb samples [-]': 6, 'I_std [%]': 0.333, 'Vmn_std [%]': 0.015, 'R_ab [kOhm]': 8.963, 'cmd_id': 'None'}
2024-01-27 08:00:55 UTC | 3082 | INFO: {'time': '2024-01-27T09:00:55.296991', 'A': '4', 'B': '11', 'M': '7', 'N': '8', 'inj time [ms]': 250.0, 'Vmn [mV]': 4890.712, 'I [mA]': 4.91, 'R [Ohm]': 996.033, 'R_std [%]': 0.136, 'Ps [mV]': 23.841, 'nbStack': 1, 'Tx [V]': 34.251, 'CPU temp [degC]': 52.582, 'Nb samples [-]': 6, 'I_std [%]': 0.138, 'Vmn_std [%]': 0.004, 'R_ab [kOhm]': 6.976, 'cmd_id': 'None'}
2024-01-27 08:01:04 UTC | 3082 | INFO: {'time': '2024-01-27T09:01:04.335612', 'A': '4', 'B': '9', 'M': '6', 'N': '7', 'inj time [ms]': 250.0, 'Vmn [mV]': 4941.825, 'I [mA]': 4.955, 'R [Ohm]': 997.267, 'R_std [%]': 0.242, 'Ps [mV]': 23.125, 'nbStack': 1, 'Tx [V]': 24.766, 'CPU temp [degC]': 52.582, 'Nb samples [-]': 7, 'I_std [%]': 0.24, 'Vmn_std [%]': 0.007, 'R_ab [kOhm]': 4.998, 'cmd_id': 'None'}
2024-01-27 08:01:13 UTC | 3082 | INFO: {'time': '2024-01-27T09:01:13.212753', 'A': '4', 'B': '7', 'M': '5', 'N': '6', 'inj time [ms]': 250.0, 'Vmn [mV]': 4914.525, 'I [mA]': 4.917, 'R [Ohm]': 999.428, 'R_std [%]': 0.328, 'Ps [mV]': 22.794, 'nbStack': 1, 'Tx [V]': 14.738, 'CPU temp [degC]': 53.069, 'Nb samples [-]': 6, 'I_std [%]': 0.334, 'Vmn_std [%]': 0.017, 'R_ab [kOhm]': 2.997, 'cmd_id': 'None'}
2024-01-27 08:01:22 UTC | 3082 | INFO: {'time': '2024-01-27T09:01:22.457880', 'A': '5', 'B': '16', 'M': '9', 'N': '12', 'inj time [ms]': 250.0, 'Vmn [mV]': 4751.395, 'I [mA]': 1.626, 'R [Ohm]': 2921.921, 'R_std [%]': 0.983, 'Ps [mV]': 24.622, 'nbStack': 1, 'Tx [V]': 17.402, 'CPU temp [degC]': 51.608, 'Nb samples [-]': 6, 'I_std [%]': 0.961, 'Vmn_std [%]': 0.032, 'R_ab [kOhm]': 10.701, 'cmd_id': 'None'}
2024-01-27 08:01:31 UTC | 3082 | INFO: {'time': '2024-01-27T09:01:31.334963', 'A': '5', 'B': '14', 'M': '8', 'N': '11', 'inj time [ms]': 250.0, 'Vmn [mV]': 4671.72, 'I [mA]': 1.572, 'R [Ohm]': 2972.827, 'R_std [%]': 1.1, 'Ps [mV]': 29.568, 'nbStack': 1, 'Tx [V]': 14.007, 'CPU temp [degC]': 52.095, 'Nb samples [-]': 7, 'I_std [%]': 1.113, 'Vmn_std [%]': 0.027, 'R_ab [kOhm]': 8.912, 'cmd_id': 'None'}
2024-01-27 08:01:42 UTC | 3082 | INFO: {'time': '2024-01-27T09:01:42.059319', 'A': '5', 'B': '15', 'M': '9', 'N': '11', 'inj time [ms]': 250.0, 'Vmn [mV]': 4768.725, 'I [mA]': 2.382, 'R [Ohm]': 2002.371, 'R_std [%]': 0.669, 'Ps [mV]': 29.46, 'nbStack': 1, 'Tx [V]': 23.812, 'CPU temp [degC]': 53.556, 'Nb samples [-]': 7, 'I_std [%]': 0.671, 'Vmn_std [%]': 0.029, 'R_ab [kOhm]': 9.998, 'cmd_id': 'None'}
2024-01-27 08:01:51 UTC | 3082 | INFO: {'time': '2024-01-27T09:01:51.303633', 'A': '5', 'B': '13', 'M': '8', 'N': '10', 'inj time [ms]': 250.0, 'Vmn [mV]': 4824.397, 'I [mA]': 2.422, 'R [Ohm]': 1992.239, 'R_std [%]': 0.335, 'Ps [mV]': 25.341, 'nbStack': 1, 'Tx [V]': 19.29, 'CPU temp [degC]': 52.582, 'Nb samples [-]': 6, 'I_std [%]': 0.336, 'Vmn_std [%]': 0.019, 'R_ab [kOhm]': 7.966, 'cmd_id': 'None'}
2024-01-27 08:02:00 UTC | 3082 | INFO: {'time': '2024-01-27T09:02:00.752446', 'A': '5', 'B': '11', 'M': '7', 'N': '9', 'inj time [ms]': 250.0, 'Vmn [mV]': 4903.212, 'I [mA]': 2.456, 'R [Ohm]': 1996.563, 'R_std [%]': 0.522, 'Ps [mV]': 26.2, 'nbStack': 1, 'Tx [V]': 14.724, 'CPU temp [degC]': 52.582, 'Nb samples [-]': 6, 'I_std [%]': 0.535, 'Vmn_std [%]': 0.035, 'R_ab [kOhm]': 5.995, 'cmd_id': 'None'}
2024-01-27 08:02:09 UTC | 3082 | INFO: {'time': '2024-01-27T09:02:09.789395', 'A': '5', 'B': '16', 'M': '10', 'N': '11', 'inj time [ms]': 250.0, 'Vmn [mV]': 4557.572, 'I [mA]': 4.56, 'R [Ohm]': 999.43, 'R_std [%]': 0.418, 'Ps [mV]': 23.312, 'nbStack': 1, 'Tx [V]': 50.0, 'CPU temp [degC]': 53.069, 'Nb samples [-]': 7, 'I_std [%]': 0.424, 'Vmn_std [%]': 0.009, 'R_ab [kOhm]': 10.964, 'cmd_id': 'None'}
2024-01-27 08:02:20 UTC | 3082 | INFO: {'time': '2024-01-27T09:02:20.514321', 'A': '5', 'B': '14', 'M': '9', 'N': '10', 'inj time [ms]': 250.0, 'Vmn [mV]': 4938.662, 'I [mA]': 4.975, 'R [Ohm]': 992.676, 'R_std [%]': 0.391, 'Ps [mV]': 22.729, 'nbStack': 1, 'Tx [V]': 44.416, 'CPU temp [degC]': 52.095, 'Nb samples [-]': 7, 'I_std [%]': 0.383, 'Vmn_std [%]': 0.016, 'R_ab [kOhm]': 8.928, 'cmd_id': 'None'}
2024-01-27 08:02:31 UTC | 3082 | INFO: {'time': '2024-01-27T09:02:31.078334', 'A': '5', 'B': '12', 'M': '8', 'N': '9', 'inj time [ms]': 250.0, 'Vmn [mV]': 4877.836, 'I [mA]': 4.888, 'R [Ohm]': 997.924, 'R_std [%]': 0.472, 'Ps [mV]': 22.731, 'nbStack': 1, 'Tx [V]': 34.135, 'CPU temp [degC]': 52.095, 'Nb samples [-]': 6, 'I_std [%]': 0.466, 'Vmn_std [%]': 0.016, 'R_ab [kOhm]': 6.983, 'cmd_id': 'None'}
2024-01-27 08:02:40 UTC | 3082 | INFO: {'time': '2024-01-27T09:02:40.115966', 'A': '5', 'B': '10', 'M': '7', 'N': '8', 'inj time [ms]': 250.0, 'Vmn [mV]': 4940.338, 'I [mA]': 4.94, 'R [Ohm]': 1000.055, 'R_std [%]': 0.127, 'Ps [mV]': 24.685, 'nbStack': 1, 'Tx [V]': 24.721, 'CPU temp [degC]': 52.095, 'Nb samples [-]': 6, 'I_std [%]': 0.114, 'Vmn_std [%]': 0.019, 'R_ab [kOhm]': 5.004, 'cmd_id': 'None'}
2024-01-27 08:02:48 UTC | 3082 | INFO: {'time': '2024-01-27T09:02:48.991276', 'A': '5', 'B': '8', 'M': '6', 'N': '7', 'inj time [ms]': 250.0, 'Vmn [mV]': 4906.364, 'I [mA]': 4.936, 'R [Ohm]': 994.075, 'R_std [%]': 0.338, 'Ps [mV]': 22.781, 'nbStack': 1, 'Tx [V]': 14.767, 'CPU temp [degC]': 51.608, 'Nb samples [-]': 7, 'I_std [%]': 0.336, 'Vmn_std [%]': 0.016, 'R_ab [kOhm]': 2.992, 'cmd_id': 'None'}
2024-01-27 08:02:58 UTC | 3082 | INFO: {'time': '2024-01-27T09:02:58.235322', 'A': '6', 'B': '15', 'M': '9', 'N': '12', 'inj time [ms]': 250.0, 'Vmn [mV]': 4698.441, 'I [mA]': 1.593, 'R [Ohm]': 2950.251, 'R_std [%]': 0.552, 'Ps [mV]': 27.988, 'nbStack': 1, 'Tx [V]': 14.082, 'CPU temp [degC]': 52.582, 'Nb samples [-]': 7, 'I_std [%]': 0.546, 'Vmn_std [%]': 0.016, 'R_ab [kOhm]': 8.842, 'cmd_id': 'None'}
2024-01-27 08:03:08 UTC | 3082 | INFO: {'time': '2024-01-27T09:03:08.798187', 'A': '6', 'B': '16', 'M': '10', 'N': '12', 'inj time [ms]': 250.0, 'Vmn [mV]': 4833.896, 'I [mA]': 2.439, 'R [Ohm]': 1981.747, 'R_std [%]': 0.639, 'Ps [mV]': 26.836, 'nbStack': 1, 'Tx [V]': 24.135, 'CPU temp [degC]': 52.582, 'Nb samples [-]': 8, 'I_std [%]': 0.665, 'Vmn_std [%]': 0.037, 'R_ab [kOhm]': 9.894, 'cmd_id': 'None'}
2024-01-27 08:03:17 UTC | 3082 | INFO: {'time': '2024-01-27T09:03:17.836636', 'A': '6', 'B': '14', 'M': '9', 'N': '11', 'inj time [ms]': 250.0, 'Vmn [mV]': 4768.203, 'I [mA]': 2.403, 'R [Ohm]': 1983.905, 'R_std [%]': 0.484, 'Ps [mV]': 26.927, 'nbStack': 1, 'Tx [V]': 19.043, 'CPU temp [degC]': 52.095, 'Nb samples [-]': 7, 'I_std [%]': 0.49, 'Vmn_std [%]': 0.01, 'R_ab [kOhm]': 7.923, 'cmd_id': 'None'}
2024-01-27 08:03:27 UTC | 3082 | INFO: {'time': '2024-01-27T09:03:27.080472', 'A': '6', 'B': '12', 'M': '8', 'N': '10', 'inj time [ms]': 250.0, 'Vmn [mV]': 4898.774, 'I [mA]': 2.45, 'R [Ohm]': 1999.457, 'R_std [%]': 0.674, 'Ps [mV]': 26.482, 'nbStack': 1, 'Tx [V]': 14.696, 'CPU temp [degC]': 53.556, 'Nb samples [-]': 6, 'I_std [%]': 0.685, 'Vmn_std [%]': 0.015, 'R_ab [kOhm]': 5.998, 'cmd_id': 'None'}
2024-01-27 08:03:37 UTC | 3082 | INFO: {'time': '2024-01-27T09:03:37.644196', 'A': '6', 'B': '15', 'M': '10', 'N': '11', 'inj time [ms]': 250.0, 'Vmn [mV]': 4975.994, 'I [mA]': 4.966, 'R [Ohm]': 1002.015, 'R_std [%]': 0.455, 'Ps [mV]': 26.42, 'nbStack': 1, 'Tx [V]': 44.669, 'CPU temp [degC]': 53.069, 'Nb samples [-]': 7, 'I_std [%]': 0.449, 'Vmn_std [%]': 0.018, 'R_ab [kOhm]': 8.995, 'cmd_id': 'None'}
2024-01-27 08:03:48 UTC | 3082 | INFO: {'time': '2024-01-27T09:03:48.369015', 'A': '6', 'B': '13', 'M': '9', 'N': '10', 'inj time [ms]': 250.0, 'Vmn [mV]': 4935.401, 'I [mA]': 4.945, 'R [Ohm]': 998.14, 'R_std [%]': 0.339, 'Ps [mV]': 24.825, 'nbStack': 1, 'Tx [V]': 34.515, 'CPU temp [degC]': 52.582, 'Nb samples [-]': 6, 'I_std [%]': 0.346, 'Vmn_std [%]': 0.014, 'R_ab [kOhm]': 6.98, 'cmd_id': 'None'}
2024-01-27 08:03:57 UTC | 3082 | INFO: {'time': '2024-01-27T09:03:57.407742', 'A': '6', 'B': '11', 'M': '8', 'N': '9', 'inj time [ms]': 250.0, 'Vmn [mV]': 4906.795, 'I [mA]': 4.926, 'R [Ohm]': 996.032, 'R_std [%]': 0.178, 'Ps [mV]': 22.798, 'nbStack': 1, 'Tx [V]': 24.528, 'CPU temp [degC]': 52.095, 'Nb samples [-]': 7, 'I_std [%]': 0.165, 'Vmn_std [%]': 0.021, 'R_ab [kOhm]': 4.979, 'cmd_id': 'None'}
2024-01-27 08:04:06 UTC | 3082 | INFO: {'time': '2024-01-27T09:04:06.283701', 'A': '6', 'B': '9', 'M': '7', 'N': '8', 'inj time [ms]': 250.0, 'Vmn [mV]': 4899.04, 'I [mA]': 4.94, 'R [Ohm]': 991.779, 'R_std [%]': 0.147, 'Ps [mV]': 23.263, 'nbStack': 1, 'Tx [V]': 14.707, 'CPU temp [degC]': 53.556, 'Nb samples [-]': 7, 'I_std [%]': 0.156, 'Vmn_std [%]': 0.016, 'R_ab [kOhm]': 2.977, 'cmd_id': 'None'}
2024-01-27 08:04:15 UTC | 3082 | INFO: {'time': '2024-01-27T09:04:15.527945', 'A': '7', 'B': '16', 'M': '10', 'N': '13', 'inj time [ms]': 250.0, 'Vmn [mV]': 4845.293, 'I [mA]': 1.643, 'R [Ohm]': 2949.887, 'R_std [%]': 0.841, 'Ps [mV]': 28.42, 'nbStack': 1, 'Tx [V]': 14.547, 'CPU temp [degC]': 51.608, 'Nb samples [-]': 7, 'I_std [%]': 0.836, 'Vmn_std [%]': 0.015, 'R_ab [kOhm]': 8.856, 'cmd_id': 'None'}
2024-01-27 08:04:26 UTC | 3082 | INFO: {'time': '2024-01-27T09:04:26.092191', 'A': '7', 'B': '15', 'M': '10', 'N': '12', 'inj time [ms]': 250.0, 'Vmn [mV]': 4885.138, 'I [mA]': 2.462, 'R [Ohm]': 1984.525, 'R_std [%]': 0.604, 'Ps [mV]': 27.575, 'nbStack': 1, 'Tx [V]': 19.517, 'CPU temp [degC]': 53.069, 'Nb samples [-]': 7, 'I_std [%]': 0.602, 'Vmn_std [%]': 0.032, 'R_ab [kOhm]': 7.928, 'cmd_id': 'None'}
2024-01-27 08:04:35 UTC | 3082 | INFO: {'time': '2024-01-27T09:04:35.131390', 'A': '7', 'B': '13', 'M': '9', 'N': '11', 'inj time [ms]': 250.0, 'Vmn [mV]': 4769.382, 'I [mA]': 2.396, 'R [Ohm]': 1990.85, 'R_std [%]': 0.38, 'Ps [mV]': 28.058, 'nbStack': 1, 'Tx [V]': 14.299, 'CPU temp [degC]': 52.582, 'Nb samples [-]': 7, 'I_std [%]': 0.394, 'Vmn_std [%]': 0.025, 'R_ab [kOhm]': 5.969, 'cmd_id': 'None'}
2024-01-27 08:04:45 UTC | 3082 | INFO: {'time': '2024-01-27T09:04:45.857548', 'A': '7', 'B': '16', 'M': '11', 'N': '12', 'inj time [ms]': 250.0, 'Vmn [mV]': 4973.341, 'I [mA]': 4.974, 'R [Ohm]': 999.937, 'R_std [%]': 0.229, 'Ps [mV]': 26.228, 'nbStack': 1, 'Tx [V]': 44.753, 'CPU temp [degC]': 52.582, 'Nb samples [-]': 7, 'I_std [%]': 0.223, 'Vmn_std [%]': 0.011, 'R_ab [kOhm]': 8.998, 'cmd_id': 'None'}
2024-01-27 08:04:56 UTC | 3082 | INFO: {'time': '2024-01-27T09:04:56.422766', 'A': '7', 'B': '14', 'M': '10', 'N': '11', 'inj time [ms]': 250.0, 'Vmn [mV]': 4886.399, 'I [mA]': 4.882, 'R [Ohm]': 1000.814, 'R_std [%]': 0.183, 'Ps [mV]': 25.278, 'nbStack': 1, 'Tx [V]': 34.125, 'CPU temp [degC]': 52.095, 'Nb samples [-]': 6, 'I_std [%]': 0.19, 'Vmn_std [%]': 0.014, 'R_ab [kOhm]': 6.989, 'cmd_id': 'None'}
2024-01-27 08:05:05 UTC | 3082 | INFO: {'time': '2024-01-27T09:05:05.461327', 'A': '7', 'B': '12', 'M': '9', 'N': '10', 'inj time [ms]': 250.0, 'Vmn [mV]': 4929.338, 'I [mA]': 4.928, 'R [Ohm]': 1000.299, 'R_std [%]': 0.306, 'Ps [mV]': 24.193, 'nbStack': 1, 'Tx [V]': 24.646, 'CPU temp [degC]': 51.608, 'Nb samples [-]': 6, 'I_std [%]': 0.308, 'Vmn_std [%]': 0.008, 'R_ab [kOhm]': 5.001, 'cmd_id': 'None'}
2024-01-27 08:05:14 UTC | 3082 | INFO: {'time': '2024-01-27T09:05:14.337881', 'A': '7', 'B': '10', 'M': '8', 'N': '9', 'inj time [ms]': 250.0, 'Vmn [mV]': 4913.337, 'I [mA]': 4.938, 'R [Ohm]': 994.938, 'R_std [%]': 0.195, 'Ps [mV]': 22.216, 'nbStack': 1, 'Tx [V]': 14.746, 'CPU temp [degC]': 52.582, 'Nb samples [-]': 6, 'I_std [%]': 0.207, 'Vmn_std [%]': 0.02, 'R_ab [kOhm]': 2.986, 'cmd_id': 'None'}
2024-01-27 08:05:23 UTC | 3082 | INFO: {'time': '2024-01-27T09:05:23.583173', 'A': '8', 'B': '16', 'M': '11', 'N': '13', 'inj time [ms]': 250.0, 'Vmn [mV]': 4805.057, 'I [mA]': 2.44, 'R [Ohm]': 1969.002, 'R_std [%]': 0.38, 'Ps [mV]': 25.029, 'nbStack': 1, 'Tx [V]': 19.232, 'CPU temp [degC]': 53.069, 'Nb samples [-]': 7, 'I_std [%]': 0.385, 'Vmn_std [%]': 0.031, 'R_ab [kOhm]': 7.881, 'cmd_id': 'None'}
2024-01-27 08:05:32 UTC | 3082 | INFO: {'time': '2024-01-27T09:05:32.460915', 'A': '8', 'B': '14', 'M': '10', 'N': '12', 'inj time [ms]': 250.0, 'Vmn [mV]': 4878.207, 'I [mA]': 2.461, 'R [Ohm]': 1981.91, 'R_std [%]': 0.125, 'Ps [mV]': 26.688, 'nbStack': 1, 'Tx [V]': 14.623, 'CPU temp [degC]': 52.582, 'Nb samples [-]': 7, 'I_std [%]': 0.117, 'Vmn_std [%]': 0.014, 'R_ab [kOhm]': 5.941, 'cmd_id': 'None'}
2024-01-27 08:05:43 UTC | 3082 | INFO: {'time': '2024-01-27T09:05:43.187662', 'A': '8', 'B': '15', 'M': '11', 'N': '12', 'inj time [ms]': 250.0, 'Vmn [mV]': 4971.921, 'I [mA]': 5.0, 'R [Ohm]': 994.477, 'R_std [%]': 0.268, 'Ps [mV]': 24.911, 'nbStack': 1, 'Tx [V]': 34.816, 'CPU temp [degC]': 53.069, 'Nb samples [-]': 7, 'I_std [%]': 0.274, 'Vmn_std [%]': 0.011, 'R_ab [kOhm]': 6.964, 'cmd_id': 'None'}
2024-01-27 08:05:52 UTC | 3082 | INFO: {'time': '2024-01-27T09:05:52.432475', 'A': '8', 'B': '13', 'M': '10', 'N': '11', 'inj time [ms]': 250.0, 'Vmn [mV]': 4912.765, 'I [mA]': 4.931, 'R [Ohm]': 996.304, 'R_std [%]': 0.243, 'Ps [mV]': 23.331, 'nbStack': 1, 'Tx [V]': 24.524, 'CPU temp [degC]': 52.582, 'Nb samples [-]': 7, 'I_std [%]': 0.248, 'Vmn_std [%]': 0.009, 'R_ab [kOhm]': 4.973, 'cmd_id': 'None'}
2024-01-27 08:06:01 UTC | 3082 | INFO: {'time': '2024-01-27T09:06:01.309513', 'A': '8', 'B': '11', 'M': '9', 'N': '10', 'inj time [ms]': 250.0, 'Vmn [mV]': 4894.778, 'I [mA]': 4.912, 'R [Ohm]': 996.538, 'R_std [%]': 0.295, 'Ps [mV]': 23.803, 'nbStack': 1, 'Tx [V]': 14.708, 'CPU temp [degC]': 53.069, 'Nb samples [-]': 7, 'I_std [%]': 0.298, 'Vmn_std [%]': 0.011, 'R_ab [kOhm]': 2.994, 'cmd_id': 'None'}
2024-01-27 08:06:10 UTC | 3082 | INFO: {'time': '2024-01-27T09:06:10.187789', 'A': '9', 'B': '15', 'M': '11', 'N': '13', 'inj time [ms]': 250.0, 'Vmn [mV]': 4877.336, 'I [mA]': 2.463, 'R [Ohm]': 1979.989, 'R_std [%]': 0.462, 'Ps [mV]': 28.389, 'nbStack': 1, 'Tx [V]': 14.658, 'CPU temp [degC]': 53.069, 'Nb samples [-]': 6, 'I_std [%]': 0.475, 'Vmn_std [%]': 0.024, 'R_ab [kOhm]': 5.95, 'cmd_id': 'None'}
2024-01-27 08:06:20 UTC | 3082 | INFO: {'time': '2024-01-27T09:06:20.752359', 'A': '9', 'B': '16', 'M': '12', 'N': '13', 'inj time [ms]': 250.0, 'Vmn [mV]': 4974.789, 'I [mA]': 5.003, 'R [Ohm]': 994.31, 'R_std [%]': 0.281, 'Ps [mV]': 23.99, 'nbStack': 1, 'Tx [V]': 34.871, 'CPU temp [degC]': 53.556, 'Nb samples [-]': 7, 'I_std [%]': 0.286, 'Vmn_std [%]': 0.011, 'R_ab [kOhm]': 6.97, 'cmd_id': 'None'}
2024-01-27 08:06:29 UTC | 3082 | INFO: {'time': '2024-01-27T09:06:29.791314', 'A': '9', 'B': '14', 'M': '11', 'N': '12', 'inj time [ms]': 250.0, 'Vmn [mV]': 4929.15, 'I [mA]': 4.952, 'R [Ohm]': 995.489, 'R_std [%]': 0.182, 'Ps [mV]': 25.023, 'nbStack': 1, 'Tx [V]': 24.66, 'CPU temp [degC]': 53.556, 'Nb samples [-]': 6, 'I_std [%]': 0.187, 'Vmn_std [%]': 0.018, 'R_ab [kOhm]': 4.98, 'cmd_id': 'None'}
2024-01-27 08:06:41 UTC | 3082 | INFO: {'time': '2024-01-27T09:06:41.107187', 'A': '9', 'B': '12', 'M': '10', 'N': '11', 'inj time [ms]': 250.0, 'Vmn [mV]': 4888.313, 'I [mA]': 4.881, 'R [Ohm]': 1001.602, 'R_std [%]': 0.265, 'Ps [mV]': 24.302, 'nbStack': 1, 'Tx [V]': 14.653, 'CPU temp [degC]': 50.634, 'Nb samples [-]': 7, 'I_std [%]': 0.269, 'Vmn_std [%]': 0.017, 'R_ab [kOhm]': 3.002, 'cmd_id': 'None'}
2024-01-27 08:06:50 UTC | 3082 | INFO: {'time': '2024-01-27T09:06:50.121194', 'A': '10', 'B': '16', 'M': '12', 'N': '14', 'inj time [ms]': 250.0, 'Vmn [mV]': 4872.149, 'I [mA]': 2.443, 'R [Ohm]': 1994.545, 'R_std [%]': 0.537, 'Ps [mV]': 29.232, 'nbStack': 1, 'Tx [V]': 14.628, 'CPU temp [degC]': 52.582, 'Nb samples [-]': 6, 'I_std [%]': 0.552, 'Vmn_std [%]': 0.02, 'R_ab [kOhm]': 5.988, 'cmd_id': 'None'}
2024-01-27 08:07:01 UTC | 3082 | INFO: {'time': '2024-01-27T09:07:01.951474', 'A': '10', 'B': '15', 'M': '12', 'N': '13', 'inj time [ms]': 250.0, 'Vmn [mV]': 4975.839, 'I [mA]': 4.998, 'R [Ohm]': 995.49, 'R_std [%]': 0.239, 'Ps [mV]': 23.466, 'nbStack': 1, 'Tx [V]': 24.92, 'CPU temp [degC]': 52.095, 'Nb samples [-]': 6, 'I_std [%]': 0.235, 'Vmn_std [%]': 0.018, 'R_ab [kOhm]': 4.986, 'cmd_id': 'None'}
2024-01-27 08:07:10 UTC | 3082 | INFO: {'time': '2024-01-27T09:07:10.827771', 'A': '10', 'B': '13', 'M': '11', 'N': '12', 'inj time [ms]': 250.0, 'Vmn [mV]': 4919.4, 'I [mA]': 4.939, 'R [Ohm]': 996.036, 'R_std [%]': 0.33, 'Ps [mV]': 24.294, 'nbStack': 1, 'Tx [V]': 14.777, 'CPU temp [degC]': 53.069, 'Nb samples [-]': 6, 'I_std [%]': 0.328, 'Vmn_std [%]': 0.009, 'R_ab [kOhm]': 2.992, 'cmd_id': 'None'}
2024-01-27 08:07:20 UTC | 3082 | INFO: {'time': '2024-01-27T09:07:20.073224', 'A': '11', 'B': '16', 'M': '13', 'N': '14', 'inj time [ms]': 250.0, 'Vmn [mV]': 4911.995, 'I [mA]': 4.931, 'R [Ohm]': 996.248, 'R_std [%]': 0.169, 'Ps [mV]': 24.317, 'nbStack': 1, 'Tx [V]': 24.534, 'CPU temp [degC]': 52.582, 'Nb samples [-]': 7, 'I_std [%]': 0.151, 'Vmn_std [%]': 0.03, 'R_ab [kOhm]': 4.976, 'cmd_id': 'None'}
2024-01-27 08:07:28 UTC | 3082 | INFO: {'time': '2024-01-27T09:07:28.949518', 'A': '11', 'B': '14', 'M': '12', 'N': '13', 'inj time [ms]': 250.0, 'Vmn [mV]': 4918.7, 'I [mA]': 4.93, 'R [Ohm]': 997.759, 'R_std [%]': 0.218, 'Ps [mV]': 25.503, 'nbStack': 1, 'Tx [V]': 14.786, 'CPU temp [degC]': 53.556, 'Nb samples [-]': 7, 'I_std [%]': 0.221, 'Vmn_std [%]': 0.012, 'R_ab [kOhm]': 2.999, 'cmd_id': 'None'}
2024-01-27 08:07:38 UTC | 3082 | INFO: {'time': '2024-01-27T09:07:38.193835', 'A': '12', 'B': '15', 'M': '13', 'N': '14', 'inj time [ms]': 250.0, 'Vmn [mV]': 4903.4, 'I [mA]': 4.899, 'R [Ohm]': 1000.963, 'R_std [%]': 0.275, 'Ps [mV]': 24.966, 'nbStack': 1, 'Tx [V]': 14.7, 'CPU temp [degC]': 53.069, 'Nb samples [-]': 6, 'I_std [%]': 0.268, 'Vmn_std [%]': 0.023, 'R_ab [kOhm]': 3.001, 'cmd_id': 'None'}
2024-01-27 08:07:47 UTC | 3082 | INFO: {'time': '2024-01-27T09:07:47.071296', 'A': '13', 'B': '16', 'M': '14', 'N': '15', 'inj time [ms]': 250.0, 'Vmn [mV]': 4902.788, 'I [mA]': 4.899, 'R [Ohm]': 1000.814, 'R_std [%]': 0.143, 'Ps [mV]': 26.25, 'nbStack': 1, 'Tx [V]': 14.713, 'CPU temp [degC]': 53.556, 'Nb samples [-]': 7, 'I_std [%]': 0.149, 'Vmn_std [%]': 0.014, 'R_ab [kOhm]': 3.003, 'cmd_id': 'None'}
2024-01-27 08:26:54 UTC | 6595 | INFO: Starting_session
2024-01-27 08:27:00 UTC | 6595 | INFO: {"rsdata": {"A": 1, "B": 2, "rs": 0.659}}
2024-01-27 08:27:01 UTC | 6595 | INFO: {"rsdata": {"A": 2, "B": 3, "rs": 0.995}}
2024-01-27 08:27:01 UTC | 6595 | INFO: {"rsdata": {"A": 3, "B": 4, "rs": 0.982}}
2024-01-27 08:27:02 UTC | 6595 | INFO: {"rsdata": {"A": 4, "B": 5, "rs": 0.981}}
2024-01-27 08:27:03 UTC | 6595 | INFO: {"rsdata": {"A": 5, "B": 6, "rs": 0.996}}
2024-01-27 08:27:03 UTC | 6595 | INFO: {"rsdata": {"A": 6, "B": 7, "rs": 0.992}}
2024-01-27 08:27:04 UTC | 6595 | INFO: {"rsdata": {"A": 7, "B": 8, "rs": 1.001}}
2024-01-27 08:27:05 UTC | 6595 | INFO: {"rsdata": {"A": 8, "B": 9, "rs": 0.99}}
2024-01-27 08:27:05 UTC | 6595 | INFO: {"rsdata": {"A": 9, "B": 10, "rs": 1.0}}
2024-01-27 08:27:06 UTC | 6595 | INFO: {"rsdata": {"A": 10, "B": 11, "rs": 0.989}}
2024-01-27 08:27:07 UTC | 6595 | INFO: {"rsdata": {"A": 11, "B": 12, "rs": 1.005}}
2024-01-27 08:27:07 UTC | 6595 | INFO: {"rsdata": {"A": 12, "B": 13, "rs": 0.976}}
2024-01-27 08:27:08 UTC | 6595 | INFO: {"rsdata": {"A": 13, "B": 14, "rs": 1.001}}
2024-01-27 08:27:09 UTC | 6595 | INFO: {"rsdata": {"A": 14, "B": 15, "rs": 1.022}}
2024-01-27 08:27:09 UTC | 6595 | INFO: {"rsdata": {"A": 15, "B": 16, "rs": 0.991}}
2024-01-27 08:27:57 UTC | 6595 | INFO: [{"x": [0.0010033333333333329, 0.7903822807017544, 1.5797612280701754, 2.3691401754385963, 3.1585191228070175, 3.9478980701754387, 4.737277017543859, 5.526655964912281, 6.316034912280702, 7.105413859649123, 7.894792807017544, 8.684171754385964, 9.473550701754386, 10.262929649122807, 11.052308596491228, 11.84168754385965, 12.63106649122807, 13.420445438596492, 14.209824385964913, 14.999203333333334], "z": [-1.60053, -1.5184791228070176, -1.4364282456140351, -1.3543773684210527, -1.2723264912280703, -1.1902756140350879, -1.1082247368421052, -1.0261738596491228, -0.9441229824561403, -0.8620721052631579, -0.7800212280701755, -0.697970350877193, -0.6159194736842105, -0.533868596491228, -0.45181771929824555, -0.3697668421052631, -0.2877159649122807, -0.20566508771929826, -0.12361421052631583, -0.041563333333333334], "rho": [[5726224.82654, 2021278.48197, 772945.09201, 478414.1216, 479140.11657, 700837.73659, 994162.43481, 1646465.05275, 2688194.19794, 3504296.60951, 2807101.4614, 2739794.52439, 1827083.21003, 928300.76153, 595442.40456, 494853.40211, 588149.80173, 737929.62331, 1868396.80875, 7960171.86523], [5726224.82654, 2021278.48197, 772945.09201, 478414.1216, 346533.53149, 462172.54351, 994162.43481, 1646465.05275, 2688194.19794, 3504296.60951, 2807101.4614, 2739794.52439, 1827083.21003, 557909.02744, 412890.66208, 379811.17581, 491643.50046, 737929.62331, 1868396.80875, 7960171.86523], [5726224.82654, 2021278.48197, 772945.09201, 478414.1216, 346533.53149, 462172.54351, 689411.0663, 1107034.26413, 2688194.19794, 1663783.81873, 1907129.52226, 2739794.52439, 1827083.21003, 557909.02744, 412890.66208, 379811.17581, 491643.50046, 737929.62331, 1868396.80875, 7960171.86523], [5478353.83187, 1413498.16933, 444157.18771, 255746.4364, 164108.27712, 242599.79936, 689411.0663, 619434.2795, 989574.55467, 1663783.81873, 1907129.52226, 902620.2441, 1154673.98477, 557909.02744, 215130.60827, 201813.43922, 276266.22872, 391419.59394, 1868396.80875, 7960171.86523], [5478353.83187, 1413498.16933, 444157.18771, 255746.4364, 164108.27712, 242599.79936, 241166.64307, 619434.2795, 989574.55467, 1663783.81873, 1142110.79951, 902620.2441, 587880.67572, 353828.73897, 215130.60827, 201813.43922, 276266.22872, 391419.59394, 1093215.27299, 7960171.86523], [5478353.83187, 807847.64069, 280412.18537, 141048.21927, 164108.27712, 242599.79936, 241166.64307, 560295.13882, 856648.53821, 952680.14011, 1142110.79951, 902620.2441, 417399.53733, 353828.73897, 215130.60827, 138947.25601, 181201.71289, 391419.59394, 1093215.27299, 5310184.81297], [6331579.97685, 688085.41558, 137481.0042, 81626.71522, 54111.37937, 130987.6182, 241166.64307, 247780.90147, 856648.53821, 570206.66083, 822489.63015, 902620.2441, 417399.53733, 255139.97961, 187112.76304, 71396.66996, 88194.64985, 145701.28992, 1093215.27299, 5310184.81297], [6331579.97685, 688085.41558, 137481.0042, 81626.71522, 54111.37937, 74144.62173, 241166.64307, 247780.90147, 498425.39065, 570206.66083, 444757.77775, 412838.32905, 417399.53733, 149376.59609, 63354.3021, 71396.66996, 73190.27199, 145701.28992, 604484.60695, 5034583.2628], [6331579.97685, 350811.20863, 76934.065, 81626.71522, 54111.37937, 74144.62173, 80287.89143, 247780.90147, 353246.08724, 570206.66083, 444757.77775, 412838.32905, 238096.20801, 114359.19693, 63354.3021, 51309.79927, 73190.27199, 145701.28992, 604484.60695, 5034583.2628], [6474329.9513, 289009.26917, 76934.065, 53355.00937, 35333.44064, 76642.26015, 80287.89143, 170387.57396, 353246.08724, 325174.21245, 350140.02921, 276360.42607, 238096.20801, 114359.19693, 63354.3021, 26832.78442, 37563.94316, 68745.69598, 236858.12175, 5034583.2628], [6474329.9513, 289009.26917, 31620.84385, 26306.10236, 20104.97672, 47815.67854, 80287.89143, 139105.49992, 255213.86392, 174824.97527, 191990.15424, 276360.42607, 177951.21193, 64980.23572, 34545.829, 26832.78442, 23501.52439, 37851.91983, 236858.12175, 4055029.54907], [6474329.9513, 111100.09105, 31620.84385, 26306.10236, 19976.44361, 25259.87712, 45310.32913, 139105.49992, 255213.86392, 174824.97527, 191990.15424, 276360.42607, 121730.58779, 64980.23572, 34545.829, 21842.58598, 23501.52439, 16067.41055, 110772.90909, 4055029.54907], [4672907.65935, 86992.41493, 14724.35379, 26306.10236, 19976.44361, 25259.87712, 45310.32913, 123328.7173, 255213.86392, 82444.30006, 191990.15424, 220550.55219, 121730.58779, 64980.23572, 33964.13899, 15379.3997, 12202.33766, 16067.41055, 110772.90909, 4055029.54907], [7719148.8314, 86992.41493, 5306.66054, 6124.76085, 14465.44669, 15731.31065, 33004.36387, 123328.7173, 256016.86712, 103934.98221, 28070.61036, 192858.98951, 132892.8225, 16524.29919, 7189.62996, 13613.23458, 12202.33766, 16067.41055, 163311.3598, 6399734.97179], [7719148.8314, 23624.82485, 5306.66054, 6124.76085, 14465.44669, 15731.31065, 6106.69445, 123328.7173, 256016.86712, 54696.91972, 28070.61036, 192858.98951, 81873.17112, 16524.29919, 7189.62996, 13613.23458, 6000.06615, 2497.14251, 22438.58886, 6399734.97179], [5995620.02711, 23624.82485, 2307.3806, 6124.76085, 14465.44669, 1947.57495, 6106.69445, 44947.75893, 256016.86712, 10516.25116, 28070.61036, 164473.512, 81873.17112, 16524.29919, 2228.90096, 16370.82214, 4098.46525, 2497.14251, 22438.58886, 6399734.97179], [5995620.02711, 16523.39703, 1397.719, 4815.36428, 14842.3588, 1947.57495, 2774.84718, 44947.75893, 239227.05126, 10516.25116, 6477.59612, 164473.512, 75302.87655, 6231.50063, 2228.90096, 18227.96291, 4098.46525, 1720.19635, 17415.19526, 5205880.53607], [13408393.78481, 5461.60934, 1270.37035, 4815.36428, 14842.3588, 2435.38101, 616.11535, 13834.10686, 239227.05126, 1051.24172, 6477.59612, 297520.56889, 75302.87655, 1049.14975, 2726.84999, 18227.96291, 3273.1729, 1364.52948, 7215.26698, 5205880.53607], [13408393.78481, 5554.86453, 1117.57519, 4865.91529, 19213.81508, 500.17291, 67.6103, 77477.12656, 149945.76217, 373.73646, 294.84223, 123655.12529, 78980.65735, 102.90502, 541.22855, 23420.50649, 4173.76163, 1189.06644, 5982.84455, 2099635.39534], [13408393.78481, 5554.86453, 1117.57519, 7425.20164, 8189.97683, 12.68777, 402.50432, 77477.12656, 149945.76217, 373.73646, 294.84223, 123655.12529, 78980.65735, 715.5098, 13.06907, 11209.2807, 7738.27462, 1189.06644, 5982.84455, 2099635.39534]]}]
2024-01-27 09:42:55 UTC | 9641 | INFO: Starting_session
2024-01-27 09:44:01 UTC | 9641 | INFO: {"rsdata": {"A": 1, "B": 2, "rs": 0.629}}
2024-01-27 09:44:02 UTC | 9641 | INFO: {"rsdata": {"A": 2, "B": 3, "rs": 1.003}}
2024-01-27 09:44:03 UTC | 9641 | INFO: {"rsdata": {"A": 3, "B": 4, "rs": 0.993}}
2024-01-27 09:44:03 UTC | 9641 | INFO: {"rsdata": {"A": 4, "B": 5, "rs": 1.007}}
2024-01-27 09:44:04 UTC | 9641 | INFO: {"rsdata": {"A": 5, "B": 6, "rs": 0.982}}
2024-01-27 09:44:05 UTC | 9641 | INFO: {"rsdata": {"A": 6, "B": 7, "rs": 1.009}}
2024-01-27 09:44:05 UTC | 9641 | INFO: {"rsdata": {"A": 7, "B": 8, "rs": 0.98}}
2024-01-27 09:44:06 UTC | 9641 | INFO: {"rsdata": {"A": 8, "B": 9, "rs": 0.996}}
2024-01-27 09:44:07 UTC | 9641 | INFO: {"rsdata": {"A": 9, "B": 10, "rs": 0.997}}
2024-01-27 09:44:07 UTC | 9641 | INFO: {"rsdata": {"A": 10, "B": 11, "rs": 0.973}}
2024-01-27 09:44:08 UTC | 9641 | INFO: {"rsdata": {"A": 11, "B": 12, "rs": 0.98}}
2024-01-27 09:44:09 UTC | 9641 | INFO: {"rsdata": {"A": 12, "B": 13, "rs": 0.992}}
2024-01-27 09:44:09 UTC | 9641 | INFO: {"rsdata": {"A": 13, "B": 14, "rs": 1.011}}
2024-01-27 09:44:10 UTC | 9641 | INFO: {"rsdata": {"A": 14, "B": 15, "rs": 0.996}}
2024-01-27 09:44:11 UTC | 9641 | INFO: {"rsdata": {"A": 15, "B": 16, "rs": 0.972}}
2024-01-27 09:45:05 UTC | 9641 | INFO: [{"x": [0.0010033333333333329, 0.7903822807017544, 1.5797612280701754, 2.3691401754385963, 3.1585191228070175, 3.9478980701754387, 4.737277017543859, 5.526655964912281, 6.316034912280702, 7.105413859649123, 7.894792807017544, 8.684171754385964, 9.473550701754386, 10.262929649122807, 11.052308596491228, 11.84168754385965, 12.63106649122807, 13.420445438596492, 14.209824385964913, 14.999203333333334], "z": [-1.60053, -1.5184791228070176, -1.4364282456140351, -1.3543773684210527, -1.2723264912280703, -1.1902756140350879, -1.1082247368421052, -1.0261738596491228, -0.9441229824561403, -0.8620721052631579, -0.7800212280701755, -0.697970350877193, -0.6159194736842105, -0.533868596491228, -0.45181771929824555, -0.3697668421052631, -0.2877159649122807, -0.20566508771929826, -0.12361421052631583, -0.041563333333333334], "rho": [[5726224.82654, 2021278.48197, 772945.09201, 478414.1216, 479140.11657, 700837.73659, 994162.43481, 1646465.05275, 2688194.19794, 3504296.60951, 2807101.4614, 2739794.52439, 1827083.21003, 928300.76153, 595442.40456, 494853.40211, 588149.80173, 737929.62331, 1868396.80875, 7960171.86523], [5726224.82654, 2021278.48197, 772945.09201, 478414.1216, 346533.53149, 462172.54351, 994162.43481, 1646465.05275, 2688194.19794, 3504296.60951, 2807101.4614, 2739794.52439, 1827083.21003, 557909.02744, 412890.66208, 379811.17581, 491643.50046, 737929.62331, 1868396.80875, 7960171.86523], [5726224.82654, 2021278.48197, 772945.09201, 478414.1216, 346533.53149, 462172.54351, 689411.0663, 1107034.26413, 2688194.19794, 1663783.81873, 1907129.52226, 2739794.52439, 1827083.21003, 557909.02744, 412890.66208, 379811.17581, 491643.50046, 737929.62331, 1868396.80875, 7960171.86523], [5478353.83187, 1413498.16933, 444157.18771, 255746.4364, 164108.27712, 242599.79936, 689411.0663, 619434.2795, 989574.55467, 1663783.81873, 1907129.52226, 902620.2441, 1154673.98477, 557909.02744, 215130.60827, 201813.43922, 276266.22872, 391419.59394, 1868396.80875, 7960171.86523], [5478353.83187, 1413498.16933, 444157.18771, 255746.4364, 164108.27712, 242599.79936, 241166.64307, 619434.2795, 989574.55467, 1663783.81873, 1142110.79951, 902620.2441, 587880.67572, 353828.73897, 215130.60827, 201813.43922, 276266.22872, 391419.59394, 1093215.27299, 7960171.86523], [5478353.83187, 807847.64069, 280412.18537, 141048.21927, 164108.27712, 242599.79936, 241166.64307, 560295.13882, 856648.53821, 952680.14011, 1142110.79951, 902620.2441, 417399.53733, 353828.73897, 215130.60827, 138947.25601, 181201.71289, 391419.59394, 1093215.27299, 5310184.81297], [6331579.97685, 688085.41558, 137481.0042, 81626.71522, 54111.37937, 130987.6182, 241166.64307, 247780.90147, 856648.53821, 570206.66083, 822489.63015, 902620.2441, 417399.53733, 255139.97961, 187112.76304, 71396.66996, 88194.64985, 145701.28992, 1093215.27299, 5310184.81297], [6331579.97685, 688085.41558, 137481.0042, 81626.71522, 54111.37937, 74144.62173, 241166.64307, 247780.90147, 498425.39065, 570206.66083, 444757.77775, 412838.32905, 417399.53733, 149376.59609, 63354.3021, 71396.66996, 73190.27199, 145701.28992, 604484.60695, 5034583.2628], [6331579.97685, 350811.20863, 76934.065, 81626.71522, 54111.37937, 74144.62173, 80287.89143, 247780.90147, 353246.08724, 570206.66083, 444757.77775, 412838.32905, 238096.20801, 114359.19693, 63354.3021, 51309.79927, 73190.27199, 145701.28992, 604484.60695, 5034583.2628], [6474329.9513, 289009.26917, 76934.065, 53355.00937, 35333.44064, 76642.26015, 80287.89143, 170387.57396, 353246.08724, 325174.21245, 350140.02921, 276360.42607, 238096.20801, 114359.19693, 63354.3021, 26832.78442, 37563.94316, 68745.69598, 236858.12175, 5034583.2628], [6474329.9513, 289009.26917, 31620.84385, 26306.10236, 20104.97672, 47815.67854, 80287.89143, 139105.49992, 255213.86392, 174824.97527, 191990.15424, 276360.42607, 177951.21193, 64980.23572, 34545.829, 26832.78442, 23501.52439, 37851.91983, 236858.12175, 4055029.54907], [6474329.9513, 111100.09105, 31620.84385, 26306.10236, 19976.44361, 25259.87712, 45310.32913, 139105.49992, 255213.86392, 174824.97527, 191990.15424, 276360.42607, 121730.58779, 64980.23572, 34545.829, 21842.58598, 23501.52439, 16067.41055, 110772.90909, 4055029.54907], [4672907.65935, 86992.41493, 14724.35379, 26306.10236, 19976.44361, 25259.87712, 45310.32913, 123328.7173, 255213.86392, 82444.30006, 191990.15424, 220550.55219, 121730.58779, 64980.23572, 33964.13899, 15379.3997, 12202.33766, 16067.41055, 110772.90909, 4055029.54907], [7719148.8314, 86992.41493, 5306.66054, 6124.76085, 14465.44669, 15731.31065, 33004.36387, 123328.7173, 256016.86712, 103934.98221, 28070.61036, 192858.98951, 132892.8225, 16524.29919, 7189.62996, 13613.23458, 12202.33766, 16067.41055, 163311.3598, 6399734.97179], [7719148.8314, 23624.82485, 5306.66054, 6124.76085, 14465.44669, 15731.31065, 6106.69445, 123328.7173, 256016.86712, 54696.91972, 28070.61036, 192858.98951, 81873.17112, 16524.29919, 7189.62996, 13613.23458, 6000.06615, 2497.14251, 22438.58886, 6399734.97179], [5995620.02711, 23624.82485, 2307.3806, 6124.76085, 14465.44669, 1947.57495, 6106.69445, 44947.75893, 256016.86712, 10516.25116, 28070.61036, 164473.512, 81873.17112, 16524.29919, 2228.90096, 16370.82214, 4098.46525, 2497.14251, 22438.58886, 6399734.97179], [5995620.02711, 16523.39703, 1397.719, 4815.36428, 14842.3588, 1947.57495, 2774.84718, 44947.75893, 239227.05126, 10516.25116, 6477.59612, 164473.512, 75302.87655, 6231.50063, 2228.90096, 18227.96291, 4098.46525, 1720.19635, 17415.19526, 5205880.53607], [13408393.78481, 5461.60934, 1270.37035, 4815.36428, 14842.3588, 2435.38101, 616.11535, 13834.10686, 239227.05126, 1051.24172, 6477.59612, 297520.56889, 75302.87655, 1049.14975, 2726.84999, 18227.96291, 3273.1729, 1364.52948, 7215.26698, 5205880.53607], [13408393.78481, 5554.86453, 1117.57519, 4865.91529, 19213.81508, 500.17291, 67.6103, 77477.12656, 149945.76217, 373.73646, 294.84223, 123655.12529, 78980.65735, 102.90502, 541.22855, 23420.50649, 4173.76163, 1189.06644, 5982.84455, 2099635.39534], [13408393.78481, 5554.86453, 1117.57519, 7425.20164, 8189.97683, 12.68777, 402.50432, 77477.12656, 149945.76217, 373.73646, 294.84223, 123655.12529, 78980.65735, 715.5098, 13.06907, 11209.2807, 7738.27462, 1189.06644, 5982.84455, 2099635.39534]]}]
2024-01-27 11:29:55 UTC | 13856 | INFO: Starting_session
2024-01-27 11:32:24 UTC | 13856 | INFO: {"rsdata": {"A": 1, "B": 2, "rs": 0.631}}
2024-01-27 11:32:25 UTC | 13856 | INFO: {"rsdata": {"A": 2, "B": 3, "rs": 1.002}}
2024-01-27 11:32:26 UTC | 13856 | INFO: {"rsdata": {"A": 3, "B": 4, "rs": 0.995}}
2024-01-27 11:32:27 UTC | 13856 | INFO: {"rsdata": {"A": 4, "B": 5, "rs": 0.986}}
2024-01-27 11:32:27 UTC | 13856 | INFO: {"rsdata": {"A": 5, "B": 6, "rs": 0.98}}
2024-01-27 11:32:28 UTC | 13856 | INFO: {"rsdata": {"A": 6, "B": 7, "rs": 0.984}}
2024-01-27 11:32:29 UTC | 13856 | INFO: {"rsdata": {"A": 7, "B": 8, "rs": 0.989}}
2024-01-27 11:32:29 UTC | 13856 | INFO: {"rsdata": {"A": 8, "B": 9, "rs": 0.977}}
2024-01-27 11:32:30 UTC | 13856 | INFO: {"rsdata": {"A": 9, "B": 10, "rs": 0.985}}
2024-01-27 11:32:31 UTC | 13856 | INFO: {"rsdata": {"A": 10, "B": 11, "rs": 1.009}}
2024-01-27 11:32:31 UTC | 13856 | INFO: {"rsdata": {"A": 11, "B": 12, "rs": 0.989}}
2024-01-27 11:32:32 UTC | 13856 | INFO: {"rsdata": {"A": 12, "B": 13, "rs": 1.004}}
2024-01-27 11:32:33 UTC | 13856 | INFO: {"rsdata": {"A": 13, "B": 14, "rs": 0.99}}
2024-01-27 11:32:33 UTC | 13856 | INFO: {"rsdata": {"A": 14, "B": 15, "rs": 0.992}}
2024-01-27 11:32:34 UTC | 13856 | INFO: {"rsdata": {"A": 15, "B": 16, "rs": 1.002}}
2024-01-27 11:32:48 UTC | 13856 | INFO: {"rsdata": {"A": 1, "B": 2, "rs": 0.398}}
2024-01-27 11:32:49 UTC | 13856 | INFO: {"rsdata": {"A": 2, "B": 3, "rs": 0.401}}
2024-01-27 11:32:49 UTC | 13856 | INFO: {"rsdata": {"A": 3, "B": 4, "rs": 0.398}}
2024-01-27 11:32:50 UTC | 13856 | INFO: {"rsdata": {"A": 4, "B": 5, "rs": 0.397}}
2024-01-27 11:32:51 UTC | 13856 | INFO: {"rsdata": {"A": 5, "B": 6, "rs": 0.398}}
2024-01-27 11:32:51 UTC | 13856 | INFO: {"rsdata": {"A": 6, "B": 7, "rs": 0.399}}
2024-01-27 11:32:52 UTC | 13856 | INFO: {"rsdata": {"A": 7, "B": 8, "rs": 0.4}}
2024-01-27 11:32:53 UTC | 13856 | INFO: {"rsdata": {"A": 8, "B": 9, "rs": 0.399}}
2024-01-27 11:32:54 UTC | 13856 | INFO: {"rsdata": {"A": 9, "B": 10, "rs": 0.398}}
2024-01-27 11:32:54 UTC | 13856 | INFO: {"rsdata": {"A": 10, "B": 11, "rs": 0.401}}
2024-01-27 11:32:55 UTC | 13856 | INFO: {"rsdata": {"A": 11, "B": 12, "rs": 0.402}}
2024-01-27 11:32:56 UTC | 13856 | INFO: {"rsdata": {"A": 12, "B": 13, "rs": 0.398}}
2024-01-27 11:32:56 UTC | 13856 | INFO: {"rsdata": {"A": 13, "B": 14, "rs": 0.404}}
2024-01-27 11:32:57 UTC | 13856 | INFO: {"rsdata": {"A": 14, "B": 15, "rs": 0.402}}
2024-01-27 11:32:58 UTC | 13856 | INFO: {"rsdata": {"A": 15, "B": 16, "rs": 0.402}}
2024-01-27 11:38:01 UTC | 14508 | INFO: Starting_session
2024-01-27 11:39:22 UTC | 14508 | INFO: [{"x": [0.0010033333333333329, 0.7903822807017544, 1.5797612280701754, 2.3691401754385963, 3.1585191228070175, 3.9478980701754387, 4.737277017543859, 5.526655964912281, 6.316034912280702, 7.105413859649123, 7.894792807017544, 8.684171754385964, 9.473550701754386, 10.262929649122807, 11.052308596491228, 11.84168754385965, 12.63106649122807, 13.420445438596492, 14.209824385964913, 14.999203333333334], "z": [-1.60053, -1.5184791228070176, -1.4364282456140351, -1.3543773684210527, -1.2723264912280703, -1.1902756140350879, -1.1082247368421052, -1.0261738596491228, -0.9441229824561403, -0.8620721052631579, -0.7800212280701755, -0.697970350877193, -0.6159194736842105, -0.533868596491228, -0.45181771929824555, -0.3697668421052631, -0.2877159649122807, -0.20566508771929826, -0.12361421052631583, -0.041563333333333334], "rho": [[5726224.82654, 2021278.48197, 772945.09201, 478414.1216, 479140.11657, 700837.73659, 994162.43481, 1646465.05275, 2688194.19794, 3504296.60951, 2807101.4614, 2739794.52439, 1827083.21003, 928300.76153, 595442.40456, 494853.40211, 588149.80173, 737929.62331, 1868396.80875, 7960171.86523], [5726224.82654, 2021278.48197, 772945.09201, 478414.1216, 346533.53149, 462172.54351, 994162.43481, 1646465.05275, 2688194.19794, 3504296.60951, 2807101.4614, 2739794.52439, 1827083.21003, 557909.02744, 412890.66208, 379811.17581, 491643.50046, 737929.62331, 1868396.80875, 7960171.86523], [5726224.82654, 2021278.48197, 772945.09201, 478414.1216, 346533.53149, 462172.54351, 689411.0663, 1107034.26413, 2688194.19794, 1663783.81873, 1907129.52226, 2739794.52439, 1827083.21003, 557909.02744, 412890.66208, 379811.17581, 491643.50046, 737929.62331, 1868396.80875, 7960171.86523], [5478353.83187, 1413498.16933, 444157.18771, 255746.4364, 164108.27712, 242599.79936, 689411.0663, 619434.2795, 989574.55467, 1663783.81873, 1907129.52226, 902620.2441, 1154673.98477, 557909.02744, 215130.60827, 201813.43922, 276266.22872, 391419.59394, 1868396.80875, 7960171.86523], [5478353.83187, 1413498.16933, 444157.18771, 255746.4364, 164108.27712, 242599.79936, 241166.64307, 619434.2795, 989574.55467, 1663783.81873, 1142110.79951, 902620.2441, 587880.67572, 353828.73897, 215130.60827, 201813.43922, 276266.22872, 391419.59394, 1093215.27299, 7960171.86523], [5478353.83187, 807847.64069, 280412.18537, 141048.21927, 164108.27712, 242599.79936, 241166.64307, 560295.13882, 856648.53821, 952680.14011, 1142110.79951, 902620.2441, 417399.53733, 353828.73897, 215130.60827, 138947.25601, 181201.71289, 391419.59394, 1093215.27299, 5310184.81297], [6331579.97685, 688085.41558, 137481.0042, 81626.71522, 54111.37937, 130987.6182, 241166.64307, 247780.90147, 856648.53821, 570206.66083, 822489.63015, 902620.2441, 417399.53733, 255139.97961, 187112.76304, 71396.66996, 88194.64985, 145701.28992, 1093215.27299, 5310184.81297], [6331579.97685, 688085.41558, 137481.0042, 81626.71522, 54111.37937, 74144.62173, 241166.64307, 247780.90147, 498425.39065, 570206.66083, 444757.77775, 412838.32905, 417399.53733, 149376.59609, 63354.3021, 71396.66996, 73190.27199, 145701.28992, 604484.60695, 5034583.2628], [6331579.97685, 350811.20863, 76934.065, 81626.71522, 54111.37937, 74144.62173, 80287.89143, 247780.90147, 353246.08724, 570206.66083, 444757.77775, 412838.32905, 238096.20801, 114359.19693, 63354.3021, 51309.79927, 73190.27199, 145701.28992, 604484.60695, 5034583.2628], [6474329.9513, 289009.26917, 76934.065, 53355.00937, 35333.44064, 76642.26015, 80287.89143, 170387.57396, 353246.08724, 325174.21245, 350140.02921, 276360.42607, 238096.20801, 114359.19693, 63354.3021, 26832.78442, 37563.94316, 68745.69598, 236858.12175, 5034583.2628], [6474329.9513, 289009.26917, 31620.84385, 26306.10236, 20104.97672, 47815.67854, 80287.89143, 139105.49992, 255213.86392, 174824.97527, 191990.15424, 276360.42607, 177951.21193, 64980.23572, 34545.829, 26832.78442, 23501.52439, 37851.91983, 236858.12175, 4055029.54907], [6474329.9513, 111100.09105, 31620.84385, 26306.10236, 19976.44361, 25259.87712, 45310.32913, 139105.49992, 255213.86392, 174824.97527, 191990.15424, 276360.42607, 121730.58779, 64980.23572, 34545.829, 21842.58598, 23501.52439, 16067.41055, 110772.90909, 4055029.54907], [4672907.65935, 86992.41493, 14724.35379, 26306.10236, 19976.44361, 25259.87712, 45310.32913, 123328.7173, 255213.86392, 82444.30006, 191990.15424, 220550.55219, 121730.58779, 64980.23572, 33964.13899, 15379.3997, 12202.33766, 16067.41055, 110772.90909, 4055029.54907], [7719148.8314, 86992.41493, 5306.66054, 6124.76085, 14465.44669, 15731.31065, 33004.36387, 123328.7173, 256016.86712, 103934.98221, 28070.61036, 192858.98951, 132892.8225, 16524.29919, 7189.62996, 13613.23458, 12202.33766, 16067.41055, 163311.3598, 6399734.97179], [7719148.8314, 23624.82485, 5306.66054, 6124.76085, 14465.44669, 15731.31065, 6106.69445, 123328.7173, 256016.86712, 54696.91972, 28070.61036, 192858.98951, 81873.17112, 16524.29919, 7189.62996, 13613.23458, 6000.06615, 2497.14251, 22438.58886, 6399734.97179], [5995620.02711, 23624.82485, 2307.3806, 6124.76085, 14465.44669, 1947.57495, 6106.69445, 44947.75893, 256016.86712, 10516.25116, 28070.61036, 164473.512, 81873.17112, 16524.29919, 2228.90096, 16370.82214, 4098.46525, 2497.14251, 22438.58886, 6399734.97179], [5995620.02711, 16523.39703, 1397.719, 4815.36428, 14842.3588, 1947.57495, 2774.84718, 44947.75893, 239227.05126, 10516.25116, 6477.59612, 164473.512, 75302.87655, 6231.50063, 2228.90096, 18227.96291, 4098.46525, 1720.19635, 17415.19526, 5205880.53607], [13408393.78481, 5461.60934, 1270.37035, 4815.36428, 14842.3588, 2435.38101, 616.11535, 13834.10686, 239227.05126, 1051.24172, 6477.59612, 297520.56889, 75302.87655, 1049.14975, 2726.84999, 18227.96291, 3273.1729, 1364.52948, 7215.26698, 5205880.53607], [13408393.78481, 5554.86453, 1117.57519, 4865.91529, 19213.81508, 500.17291, 67.6103, 77477.12656, 149945.76217, 373.73646, 294.84223, 123655.12529, 78980.65735, 102.90502, 541.22855, 23420.50649, 4173.76163, 1189.06644, 5982.84455, 2099635.39534], [13408393.78481, 5554.86453, 1117.57519, 7425.20164, 8189.97683, 12.68777, 402.50432, 77477.12656, 149945.76217, 373.73646, 294.84223, 123655.12529, 78980.65735, 715.5098, 13.06907, 11209.2807, 7738.27462, 1189.06644, 5982.84455, 2099635.39534]]}]
2024-01-27 11:50:02 UTC | 15116 | INFO: Starting_session
2024-01-27 11:50:24 UTC | 15116 | INFO: {"rsdata": {"A": 1, "B": 2, "rs": 0.641}}
2024-01-27 11:50:25 UTC | 15116 | INFO: {"rsdata": {"A": 2, "B": 3, "rs": 0.985}}
2024-01-27 11:50:25 UTC | 15116 | INFO: {"rsdata": {"A": 3, "B": 4, "rs": 0.983}}
2024-01-27 11:50:26 UTC | 15116 | INFO: {"rsdata": {"A": 4, "B": 5, "rs": 0.973}}
2024-01-27 11:50:27 UTC | 15116 | INFO: {"rsdata": {"A": 5, "B": 6, "rs": 1.003}}
2024-01-27 11:50:28 UTC | 15116 | INFO: {"rsdata": {"A": 6, "B": 7, "rs": 0.99}}
2024-01-27 11:50:28 UTC | 15116 | INFO: {"rsdata": {"A": 7, "B": 8, "rs": 1.006}}
2024-01-27 11:50:29 UTC | 15116 | INFO: {"rsdata": {"A": 8, "B": 9, "rs": 1.001}}
2024-01-27 11:50:30 UTC | 15116 | INFO: {"rsdata": {"A": 9, "B": 10, "rs": 0.992}}
2024-01-27 11:50:30 UTC | 15116 | INFO: {"rsdata": {"A": 10, "B": 11, "rs": 0.985}}
2024-01-27 11:50:31 UTC | 15116 | INFO: {"rsdata": {"A": 11, "B": 12, "rs": 0.975}}
2024-01-27 11:50:32 UTC | 15116 | INFO: {"rsdata": {"A": 12, "B": 13, "rs": 0.992}}
2024-01-27 11:50:32 UTC | 15116 | INFO: {"rsdata": {"A": 13, "B": 14, "rs": 0.994}}
2024-01-27 11:55:09 UTC | 15465 | INFO: Starting_session
2024-01-27 11:57:33 UTC | 15576 | INFO: Starting_session
2024-01-27 11:59:02 UTC | 15693 | INFO: Starting_session
2024-01-27 12:02:32 UTC | 15845 | INFO: Starting_session
2024-01-27 12:02:49 UTC | 15845 | INFO: {"rsdata": {"A": 1, "B": 2, "rs": 0.648}}
2024-01-27 12:03:20 UTC | 15845 | INFO: {"rsdata": {"A": 1, "B": 2, "rs": 0.402}}
2024-01-27 12:03:20 UTC | 15845 | INFO: {"rsdata": {"A": 2, "B": 3, "rs": 0.403}}
2024-01-27 12:03:21 UTC | 15845 | INFO: {"rsdata": {"A": 3, "B": 4, "rs": 0.396}}
2024-01-27 12:03:22 UTC | 15845 | INFO: {"rsdata": {"A": 4, "B": 5, "rs": 0.397}}
2024-01-27 12:03:22 UTC | 15845 | INFO: {"rsdata": {"A": 5, "B": 6, "rs": 0.401}}
2024-01-27 12:03:23 UTC | 15845 | INFO: {"rsdata": {"A": 6, "B": 7, "rs": 0.402}}
2024-01-27 12:03:24 UTC | 15845 | INFO: {"rsdata": {"A": 7, "B": 8, "rs": 0.398}}
2024-01-27 12:03:24 UTC | 15845 | INFO: {"rsdata": {"A": 8, "B": 9, "rs": 0.402}}
2024-01-27 12:03:25 UTC | 15845 | INFO: {"rsdata": {"A": 9, "B": 10, "rs": 0.399}}
2024-01-27 12:03:26 UTC | 15845 | INFO: {"rsdata": {"A": 10, "B": 11, "rs": 0.402}}
2024-01-27 12:03:26 UTC | 15845 | INFO: {"rsdata": {"A": 11, "B": 12, "rs": 0.401}}
2024-01-27 12:03:27 UTC | 15845 | INFO: {"rsdata": {"A": 12, "B": 13, "rs": 0.399}}
2024-01-27 12:03:28 UTC | 15845 | INFO: {"rsdata": {"A": 13, "B": 14, "rs": 0.397}}
2024-01-27 12:03:28 UTC | 15845 | INFO: {"rsdata": {"A": 14, "B": 15, "rs": 0.399}}
2024-01-27 12:03:29 UTC | 15845 | INFO: {"rsdata": {"A": 15, "B": 16, "rs": 0.401}}
2024-01-27 12:04:04 UTC | 15845 | INFO: {'time': '2024-01-27T13:04:04.334820', 'A': '1', 'B': '16', 'M': '6', 'N': '11', 'inj time [ms]': 250.0, 'Vmn [mV]': 4624.51, 'I [mA]': 0.948, 'R [Ohm]': 4877.494, 'R_std [%]': 1.736, 'Ps [mV]': 25.735, 'nbStack': 1, 'Tx [V]': 13.862, 'CPU temp [degC]': 58.426, 'Nb samples [-]': 7, 'I_std [%]': 1.76, 'Vmn_std [%]': 0.043, 'R_ab [kOhm]': 14.616, 'cmd_id': 'None'}
2024-01-27 12:04:13 UTC | 15845 | INFO: {'time': '2024-01-27T13:04:13.371993', 'A': '1', 'B': '15', 'M': '6', 'N': '10', 'inj time [ms]': 250.0, 'Vmn [mV]': 4745.957, 'I [mA]': 1.204, 'R [Ohm]': 3942.93, 'R_std [%]': 0.884, 'Ps [mV]': 28.883, 'nbStack': 1, 'Tx [V]': 16.628, 'CPU temp [degC]': 57.939, 'Nb samples [-]': 6, 'I_std [%]': 0.923, 'Vmn_std [%]': 0.059, 'R_ab [kOhm]': 13.814, 'cmd_id': 'None'}
2024-01-27 12:04:22 UTC | 15845 | INFO: {'time': '2024-01-27T13:04:22.458378', 'A': '1', 'B': '13', 'M': '5', 'N': '9', 'inj time [ms]': 250.0, 'Vmn [mV]': 4701.235, 'I [mA]': 1.196, 'R [Ohm]': 3932.817, 'R_std [%]': 2.123, 'Ps [mV]': 27.669, 'nbStack': 1, 'Tx [V]': 14.121, 'CPU temp [degC]': 59.4, 'Nb samples [-]': 7, 'I_std [%]': 2.14, 'Vmn_std [%]': 0.045, 'R_ab [kOhm]': 11.808, 'cmd_id': 'None'}
2024-01-27 12:04:33 UTC | 15845 | INFO: {'time': '2024-01-27T13:04:33.355649', 'A': '1', 'B': '16', 'M': '7', 'N': '10', 'inj time [ms]': 250.0, 'Vmn [mV]': 4751.167, 'I [mA]': 1.588, 'R [Ohm]': 2992.206, 'R_std [%]': 0.969, 'Ps [mV]': 28.888, 'nbStack': 1, 'Tx [V]': 23.768, 'CPU temp [degC]': 61.348, 'Nb samples [-]': 5, 'I_std [%]': 1.003, 'Vmn_std [%]': 0.038, 'R_ab [kOhm]': 14.967, 'cmd_id': 'None'}
2024-01-27 12:04:44 UTC | 15845 | INFO: {'time': '2024-01-27T13:04:44.088973', 'A': '1', 'B': '14', 'M': '6', 'N': '9', 'inj time [ms]': 250.0, 'Vmn [mV]': 4721.07, 'I [mA]': 1.574, 'R [Ohm]': 2999.439, 'R_std [%]': 0.797, 'Ps [mV]': 29.263, 'nbStack': 1, 'Tx [V]': 20.496, 'CPU temp [degC]': 60.861, 'Nb samples [-]': 7, 'I_std [%]': 0.828, 'Vmn_std [%]': 0.033, 'R_ab [kOhm]': 13.021, 'cmd_id': 'None'}
2024-01-27 12:04:54 UTC | 15845 | INFO: {'time': '2024-01-27T13:04:54.788855', 'A': '1', 'B': '12', 'M': '5', 'N': '8', 'inj time [ms]': 250.0, 'Vmn [mV]': 4735.437, 'I [mA]': 1.581, 'R [Ohm]': 2994.937, 'R_std [%]': 0.901, 'Ps [mV]': 29.704, 'nbStack': 1, 'Tx [V]': 17.374, 'CPU temp [degC]': 58.913, 'Nb samples [-]': 7, 'I_std [%]': 0.903, 'Vmn_std [%]': 0.036, 'R_ab [kOhm]': 10.987, 'cmd_id': 'None'}
2024-01-27 12:05:03 UTC | 15845 | INFO: {'time': '2024-01-27T13:05:03.870564', 'A': '1', 'B': '10', 'M': '4', 'N': '7', 'inj time [ms]': 250.0, 'Vmn [mV]': 4750.627, 'I [mA]': 1.608, 'R [Ohm]': 2954.774, 'R_std [%]': 0.546, 'Ps [mV]': 27.278, 'nbStack': 1, 'Tx [V]': 14.278, 'CPU temp [degC]': 59.4, 'Nb samples [-]': 7, 'I_std [%]': 0.545, 'Vmn_std [%]': 0.036, 'R_ab [kOhm]': 8.88, 'cmd_id': 'None'}
2024-01-27 12:05:14 UTC | 15845 | INFO: {'time': '2024-01-27T13:05:14.596056', 'A': '1', 'B': '15', 'M': '7', 'N': '9', 'inj time [ms]': 250.0, 'Vmn [mV]': 4864.523, 'I [mA]': 2.45, 'R [Ohm]': 1985.561, 'R_std [%]': 0.785, 'Ps [mV]': 26.482, 'nbStack': 1, 'Tx [V]': 34.076, 'CPU temp [degC]': 58.913, 'Nb samples [-]': 6, 'I_std [%]': 0.788, 'Vmn_std [%]': 0.02, 'R_ab [kOhm]': 13.908, 'cmd_id': 'None'}
2024-01-27 12:05:25 UTC | 15845 | INFO: {'time': '2024-01-27T13:05:25.330968', 'A': '1', 'B': '13', 'M': '6', 'N': '8', 'inj time [ms]': 250.0, 'Vmn [mV]': 4850.614, 'I [mA]': 2.437, 'R [Ohm]': 1990.378, 'R_std [%]': 0.979, 'Ps [mV]': 28.425, 'nbStack': 1, 'Tx [V]': 29.164, 'CPU temp [degC]': 59.4, 'Nb samples [-]': 6, 'I_std [%]': 0.965, 'Vmn_std [%]': 0.043, 'R_ab [kOhm]': 11.966, 'cmd_id': 'None'}
2024-01-27 12:05:36 UTC | 15845 | INFO: {'time': '2024-01-27T13:05:36.045134', 'A': '1', 'B': '11', 'M': '5', 'N': '7', 'inj time [ms]': 250.0, 'Vmn [mV]': 4886.087, 'I [mA]': 2.443, 'R [Ohm]': 1999.811, 'R_std [%]': 0.62, 'Ps [mV]': 29.857, 'nbStack': 1, 'Tx [V]': 24.452, 'CPU temp [degC]': 59.887, 'Nb samples [-]': 6, 'I_std [%]': 0.627, 'Vmn_std [%]': 0.016, 'R_ab [kOhm]': 10.008, 'cmd_id': 'None'}
2024-01-27 12:05:45 UTC | 15845 | INFO: {'time': '2024-01-27T13:05:45.086201', 'A': '1', 'B': '9', 'M': '4', 'N': '6', 'inj time [ms]': 250.0, 'Vmn [mV]': 4782.146, 'I [mA]': 2.394, 'R [Ohm]': 1997.894, 'R_std [%]': 0.766, 'Ps [mV]': 27.138, 'nbStack': 1, 'Tx [V]': 19.12, 'CPU temp [degC]': 59.887, 'Nb samples [-]': 6, 'I_std [%]': 0.754, 'Vmn_std [%]': 0.042, 'R_ab [kOhm]': 7.988, 'cmd_id': 'None'}
2024-01-27 12:05:54 UTC | 15845 | INFO: {'time': '2024-01-27T13:05:54.325561', 'A': '1', 'B': '7', 'M': '3', 'N': '5', 'inj time [ms]': 250.0, 'Vmn [mV]': 4839.773, 'I [mA]': 2.435, 'R [Ohm]': 1987.869, 'R_std [%]': 0.618, 'Ps [mV]': 26.492, 'nbStack': 1, 'Tx [V]': 14.544, 'CPU temp [degC]': 60.861, 'Nb samples [-]': 6, 'I_std [%]': 0.63, 'Vmn_std [%]': 0.031, 'R_ab [kOhm]': 5.974, 'cmd_id': 'None'}
2024-01-27 12:06:03 UTC | 15845 | INFO: {'time': '2024-01-27T13:06:03.575307', 'A': '1', 'B': '12', 'M': '6', 'N': '7', 'inj time [ms]': 250.0, 'Vmn [mV]': 4537.076, 'I [mA]': 4.561, 'R [Ohm]': 994.787, 'R_std [%]': 0.52, 'Ps [mV]': 24.294, 'nbStack': 1, 'Tx [V]': 50.0, 'CPU temp [degC]': 60.374, 'Nb samples [-]': 6, 'I_std [%]': 0.52, 'Vmn_std [%]': 0.016, 'R_ab [kOhm]': 10.963, 'cmd_id': 'None'}
2024-01-27 12:06:14 UTC | 15845 | INFO: {'time': '2024-01-27T13:06:14.666697', 'A': '1', 'B': '10', 'M': '5', 'N': '6', 'inj time [ms]': 250.0, 'Vmn [mV]': 4903.087, 'I [mA]': 4.912, 'R [Ohm]': 998.267, 'R_std [%]': 0.152, 'Ps [mV]': 22.528, 'nbStack': 1, 'Tx [V]': 44.042, 'CPU temp [degC]': 60.861, 'Nb samples [-]': 6, 'I_std [%]': 0.158, 'Vmn_std [%]': 0.016, 'R_ab [kOhm]': 8.967, 'cmd_id': 'None'}
2024-01-27 12:06:25 UTC | 15845 | INFO: {'time': '2024-01-27T13:06:25.785797', 'A': '1', 'B': '8', 'M': '4', 'N': '5', 'inj time [ms]': 250.0, 'Vmn [mV]': 4866.866, 'I [mA]': 4.894, 'R [Ohm]': 994.37, 'R_std [%]': 0.395, 'Ps [mV]': 23.817, 'nbStack': 1, 'Tx [V]': 34.092, 'CPU temp [degC]': 62.322, 'Nb samples [-]': 5, 'I_std [%]': 0.372, 'Vmn_std [%]': 0.025, 'R_ab [kOhm]': 6.965, 'cmd_id': 'None'}
2024-01-27 12:06:36 UTC | 15845 | INFO: {'time': '2024-01-27T13:06:36.690029', 'A': '1', 'B': '6', 'M': '3', 'N': '4', 'inj time [ms]': 250.0, 'Vmn [mV]': 4869.928, 'I [mA]': 4.877, 'R [Ohm]': 998.561, 'R_std [%]': 0.254, 'Ps [mV]': 22.736, 'nbStack': 1, 'Tx [V]': 24.397, 'CPU temp [degC]': 60.374, 'Nb samples [-]': 7, 'I_std [%]': 0.257, 'Vmn_std [%]': 0.024, 'R_ab [kOhm]': 5.002, 'cmd_id': 'None'}
2024-01-27 12:06:45 UTC | 15845 | INFO: {'time': '2024-01-27T13:06:45.927494', 'A': '1', 'B': '4', 'M': '2', 'N': '3', 'inj time [ms]': 250.0, 'Vmn [mV]': 4932.758, 'I [mA]': 4.939, 'R [Ohm]': 998.651, 'R_std [%]': 0.173, 'Ps [mV]': 22.278, 'nbStack': 1, 'Tx [V]': 14.771, 'CPU temp [degC]': 59.887, 'Nb samples [-]': 7, 'I_std [%]': 0.173, 'Vmn_std [%]': 0.022, 'R_ab [kOhm]': 2.99, 'cmd_id': 'None'}
2024-01-27 12:06:54 UTC | 15845 | INFO: {'time': '2024-01-27T13:06:54.965916', 'A': '2', 'B': '16', 'M': '7', 'N': '11', 'inj time [ms]': 250.0, 'Vmn [mV]': 4662.459, 'I [mA]': 1.202, 'R [Ohm]': 3879.258, 'R_std [%]': 1.393, 'Ps [mV]': 23.992, 'nbStack': 1, 'Tx [V]': 16.322, 'CPU temp [degC]': 59.4, 'Nb samples [-]': 7, 'I_std [%]': 1.438, 'Vmn_std [%]': 0.092, 'R_ab [kOhm]': 13.577, 'cmd_id': 'None'}
2024-01-27 12:07:04 UTC | 15845 | INFO: {'time': '2024-01-27T13:07:04.053281', 'A': '2', 'B': '14', 'M': '6', 'N': '10', 'inj time [ms]': 250.0, 'Vmn [mV]': 4707.368, 'I [mA]': 1.194, 'R [Ohm]': 3944.312, 'R_std [%]': 1.242, 'Ps [mV]': 28.601, 'nbStack': 1, 'Tx [V]': 14.146, 'CPU temp [degC]': 60.861, 'Nb samples [-]': 7, 'I_std [%]': 1.242, 'Vmn_std [%]': 0.043, 'R_ab [kOhm]': 11.851, 'cmd_id': 'None'}
2024-01-27 12:07:13 UTC | 15845 | INFO: {'time': '2024-01-27T13:07:13.313320', 'A': '2', 'B': '15', 'M': '7', 'N': '10', 'inj time [ms]': 250.0, 'Vmn [mV]': 4694.093, 'I [mA]': 1.598, 'R [Ohm]': 2938.317, 'R_std [%]': 0.863, 'Ps [mV]': 26.653, 'nbStack': 1, 'Tx [V]': 20.37, 'CPU temp [degC]': 61.835, 'Nb samples [-]': 5, 'I_std [%]': 0.825, 'Vmn_std [%]': 0.067, 'R_ab [kOhm]': 12.75, 'cmd_id': 'None'}
2024-01-27 12:08:10 UTC | 16940 | INFO: Starting_session
2024-01-27 12:09:22 UTC | 16940 | INFO: {"rsdata": {"A": 1, "B": 2, "rs": 1.001}}
2024-01-27 12:09:23 UTC | 16940 | INFO: {"rsdata": {"A": 2, "B": 3, "rs": 1.008}}
2024-01-27 12:09:23 UTC | 16940 | INFO: {"rsdata": {"A": 3, "B": 4, "rs": 1.006}}
2024-01-27 12:09:24 UTC | 16940 | INFO: {"rsdata": {"A": 4, "B": 5, "rs": 0.998}}
2024-01-27 12:09:25 UTC | 16940 | INFO: {"rsdata": {"A": 5, "B": 6, "rs": 1.008}}
2024-01-27 12:09:25 UTC | 16940 | INFO: {"rsdata": {"A": 6, "B": 7, "rs": 1.003}}
2024-01-27 12:09:26 UTC | 16940 | INFO: {"rsdata": {"A": 7, "B": 8, "rs": 1.006}}
2024-01-27 12:09:27 UTC | 16940 | INFO: {"rsdata": {"A": 8, "B": 9, "rs": 1.007}}
2024-01-27 12:09:28 UTC | 16940 | INFO: {"rsdata": {"A": 9, "B": 10, "rs": 0.998}}
2024-01-27 12:09:29 UTC | 16940 | INFO: {"rsdata": {"A": 10, "B": 11, "rs": 1.005}}
2024-01-27 12:09:29 UTC | 16940 | INFO: {"rsdata": {"A": 11, "B": 12, "rs": 1.005}}
2024-01-27 12:09:30 UTC | 16940 | INFO: {"rsdata": {"A": 12, "B": 13, "rs": 0.987}}
2024-01-27 12:09:31 UTC | 16940 | INFO: {"rsdata": {"A": 13, "B": 14, "rs": 1.005}}
2024-01-27 12:09:31 UTC | 16940 | INFO: {"rsdata": {"A": 14, "B": 15, "rs": 0.996}}
2024-01-27 12:09:32 UTC | 16940 | INFO: {"rsdata": {"A": 15, "B": 16, "rs": 1.011}}
2024-01-27 12:09:56 UTC | 16940 | INFO: {"rsdata": {"A": 1, "B": 2, "rs": 0.998}}
